15-Aug-2023 08:23:18.632 INFO [main] org.apache.catalina.core.StandardServer.await A valid shutdown command was received via the shutdown port. Stopping the Server instance.
15-Aug-2023 08:23:18.639 INFO [main] org.apache.coyote.AbstractProtocol.pause Pausing ProtocolHandler ["http-nio-8080"]
15-Aug-2023 08:23:18.655 INFO [main] org.apache.catalina.core.StandardService.stopInternal Stopping service [Catalina]
15-Aug-2023 08:23:18.696 WARNING [main] org.apache.catalina.loader.WebappClassLoaderBase.clearReferencesObjectStreamClassCaches When running on Java 9 or later you need to add "--add-opens=java.base/java.io=ALL-UNNAMED" to the JVM command line arguments to enable ObjectStream cache memory leak protection. Alternatively, you can suppress this warning by disabling ObjectStream class cache memory leak protection.
15-Aug-2023 08:23:18.697 WARNING [main] org.apache.catalina.loader.WebappClassLoaderBase.checkThreadLocalsForLeaks When running on Java 9 or later you need to add "--add-opens=java.base/java.lang=ALL-UNNAMED" to the JVM command line arguments to enable ThreadLocal memory leak detection. Alternatively, you can suppress this warning by disabling ThreadLocal memory leak detection.
15-Aug-2023 08:23:18.703 WARNING [main] org.apache.catalina.loader.WebappClassLoaderBase.clearReferencesRmiTargets When running on Java 9 or later you need to add "--add-opens=java.rmi/sun.rmi.transport=ALL-UNNAMED" to the JVM command line arguments to enable RMI Target memory leak detection. Alternatively, you can suppress this warning by disabling RMI Target memory leak detection.
15-Aug-2023 08:23:18.717 WARNING [main] org.apache.catalina.loader.WebappClassLoaderBase.clearReferencesObjectStreamClassCaches When running on Java 9 or later you need to add "--add-opens=java.base/java.io=ALL-UNNAMED" to the JVM command line arguments to enable ObjectStream cache memory leak protection. Alternatively, you can suppress this warning by disabling ObjectStream class cache memory leak protection.
15-Aug-2023 08:23:18.717 WARNING [main] org.apache.catalina.loader.WebappClassLoaderBase.checkThreadLocalsForLeaks When running on Java 9 or later you need to add "--add-opens=java.base/java.lang=ALL-UNNAMED" to the JVM command line arguments to enable ThreadLocal memory leak detection. Alternatively, you can suppress this warning by disabling ThreadLocal memory leak detection.
15-Aug-2023 08:23:18.718 WARNING [main] org.apache.catalina.loader.WebappClassLoaderBase.clearReferencesRmiTargets When running on Java 9 or later you need to add "--add-opens=java.rmi/sun.rmi.transport=ALL-UNNAMED" to the JVM command line arguments to enable RMI Target memory leak detection. Alternatively, you can suppress this warning by disabling RMI Target memory leak detection.
15-Aug-2023 08:23:18.722 WARNING [main] org.apache.catalina.loader.WebappClassLoaderBase.clearReferencesObjectStreamClassCaches When running on Java 9 or later you need to add "--add-opens=java.base/java.io=ALL-UNNAMED" to the JVM command line arguments to enable ObjectStream cache memory leak protection. Alternatively, you can suppress this warning by disabling ObjectStream class cache memory leak protection.
15-Aug-2023 08:23:18.723 WARNING [main] org.apache.catalina.loader.WebappClassLoaderBase.checkThreadLocalsForLeaks When running on Java 9 or later you need to add "--add-opens=java.base/java.lang=ALL-UNNAMED" to the JVM command line arguments to enable ThreadLocal memory leak detection. Alternatively, you can suppress this warning by disabling ThreadLocal memory leak detection.
15-Aug-2023 08:23:18.724 WARNING [main] org.apache.catalina.loader.WebappClassLoaderBase.clearReferencesRmiTargets When running on Java 9 or later you need to add "--add-opens=java.rmi/sun.rmi.transport=ALL-UNNAMED" to the JVM command line arguments to enable RMI Target memory leak detection. Alternatively, you can suppress this warning by disabling RMI Target memory leak detection.
15-Aug-2023 08:23:18.727 WARNING [main] org.apache.catalina.loader.WebappClassLoaderBase.clearReferencesObjectStreamClassCaches When running on Java 9 or later you need to add "--add-opens=java.base/java.io=ALL-UNNAMED" to the JVM command line arguments to enable ObjectStream cache memory leak protection. Alternatively, you can suppress this warning by disabling ObjectStream class cache memory leak protection.
15-Aug-2023 08:23:18.728 WARNING [main] org.apache.catalina.loader.WebappClassLoaderBase.checkThreadLocalsForLeaks When running on Java 9 or later you need to add "--add-opens=java.base/java.lang=ALL-UNNAMED" to the JVM command line arguments to enable ThreadLocal memory leak detection. Alternatively, you can suppress this warning by disabling ThreadLocal memory leak detection.
15-Aug-2023 08:23:18.728 WARNING [main] org.apache.catalina.loader.WebappClassLoaderBase.clearReferencesRmiTargets When running on Java 9 or later you need to add "--add-opens=java.rmi/sun.rmi.transport=ALL-UNNAMED" to the JVM command line arguments to enable RMI Target memory leak detection. Alternatively, you can suppress this warning by disabling RMI Target memory leak detection.
15-Aug-2023 08:23:18.731 WARNING [main] org.apache.catalina.loader.WebappClassLoaderBase.clearReferencesObjectStreamClassCaches When running on Java 9 or later you need to add "--add-opens=java.base/java.io=ALL-UNNAMED" to the JVM command line arguments to enable ObjectStream cache memory leak protection. Alternatively, you can suppress this warning by disabling ObjectStream class cache memory leak protection.
15-Aug-2023 08:23:18.732 WARNING [main] org.apache.catalina.loader.WebappClassLoaderBase.checkThreadLocalsForLeaks When running on Java 9 or later you need to add "--add-opens=java.base/java.lang=ALL-UNNAMED" to the JVM command line arguments to enable ThreadLocal memory leak detection. Alternatively, you can suppress this warning by disabling ThreadLocal memory leak detection.
15-Aug-2023 08:23:18.732 WARNING [main] org.apache.catalina.loader.WebappClassLoaderBase.clearReferencesRmiTargets When running on Java 9 or later you need to add "--add-opens=java.rmi/sun.rmi.transport=ALL-UNNAMED" to the JVM command line arguments to enable RMI Target memory leak detection. Alternatively, you can suppress this warning by disabling RMI Target memory leak detection.
15-Aug-2023 08:23:18.735 WARNING [main] org.apache.catalina.loader.WebappClassLoaderBase.clearReferencesObjectStreamClassCaches When running on Java 9 or later you need to add "--add-opens=java.base/java.io=ALL-UNNAMED" to the JVM command line arguments to enable ObjectStream cache memory leak protection. Alternatively, you can suppress this warning by disabling ObjectStream class cache memory leak protection.
15-Aug-2023 08:23:18.735 WARNING [main] org.apache.catalina.loader.WebappClassLoaderBase.checkThreadLocalsForLeaks When running on Java 9 or later you need to add "--add-opens=java.base/java.lang=ALL-UNNAMED" to the JVM command line arguments to enable ThreadLocal memory leak detection. Alternatively, you can suppress this warning by disabling ThreadLocal memory leak detection.
15-Aug-2023 08:23:18.736 WARNING [main] org.apache.catalina.loader.WebappClassLoaderBase.clearReferencesRmiTargets When running on Java 9 or later you need to add "--add-opens=java.rmi/sun.rmi.transport=ALL-UNNAMED" to the JVM command line arguments to enable RMI Target memory leak detection. Alternatively, you can suppress this warning by disabling RMI Target memory leak detection.
15-Aug-2023 08:23:18.737 INFO [main] org.apache.coyote.AbstractProtocol.stop Stopping ProtocolHandler ["http-nio-8080"]
15-Aug-2023 08:23:18.756 INFO [main] org.apache.coyote.AbstractProtocol.destroy Destroying ProtocolHandler ["http-nio-8080"]
15-Aug-2023 23:05:24.744 INFO [main] org.apache.catalina.startup.VersionLoggerListener.log Server version name:   Apache Tomcat/9.0.78
15-Aug-2023 23:05:24.748 INFO [main] org.apache.catalina.startup.VersionLoggerListener.log Server built:          Jul 4 2023 13:15:43 UTC
15-Aug-2023 23:05:24.748 INFO [main] org.apache.catalina.startup.VersionLoggerListener.log Server version number: 9.0.78.0
15-Aug-2023 23:05:24.748 INFO [main] org.apache.catalina.startup.VersionLoggerListener.log OS Name:               Mac OS X
15-Aug-2023 23:05:24.748 INFO [main] org.apache.catalina.startup.VersionLoggerListener.log OS Version:            13.5
15-Aug-2023 23:05:24.749 INFO [main] org.apache.catalina.startup.VersionLoggerListener.log Architecture:          x86_64
15-Aug-2023 23:05:24.749 INFO [main] org.apache.catalina.startup.VersionLoggerListener.log Java Home:             /Library/Java/JavaVirtualMachines/temurin-17.jdk/Contents/Home
15-Aug-2023 23:05:24.749 INFO [main] org.apache.catalina.startup.VersionLoggerListener.log JVM Version:           17.0.8+7
15-Aug-2023 23:05:24.749 INFO [main] org.apache.catalina.startup.VersionLoggerListener.log JVM Vendor:            Eclipse Adoptium
15-Aug-2023 23:05:24.749 INFO [main] org.apache.catalina.startup.VersionLoggerListener.log CATALINA_BASE:         /Users/pydiv/JAM/2023Aug/apache-tomcat-9.0.78
15-Aug-2023 23:05:24.749 INFO [main] org.apache.catalina.startup.VersionLoggerListener.log CATALINA_HOME:         /Users/pydiv/JAM/2023Aug/apache-tomcat-9.0.78
15-Aug-2023 23:05:24.807 INFO [main] org.apache.catalina.startup.VersionLoggerListener.log Command line argument: -Djava.util.logging.config.file=/Users/pydiv/JAM/2023Aug/apache-tomcat-9.0.78/conf/logging.properties
15-Aug-2023 23:05:24.807 INFO [main] org.apache.catalina.startup.VersionLoggerListener.log Command line argument: -Djava.util.logging.manager=org.apache.juli.ClassLoaderLogManager
15-Aug-2023 23:05:24.807 INFO [main] org.apache.catalina.startup.VersionLoggerListener.log Command line argument: -Djdk.tls.ephemeralDHKeySize=2048
15-Aug-2023 23:05:24.807 INFO [main] org.apache.catalina.startup.VersionLoggerListener.log Command line argument: -Djava.protocol.handler.pkgs=org.apache.catalina.webresources
15-Aug-2023 23:05:24.807 INFO [main] org.apache.catalina.startup.VersionLoggerListener.log Command line argument: -Dorg.apache.catalina.security.SecurityListener.UMASK=0027
15-Aug-2023 23:05:24.807 INFO [main] org.apache.catalina.startup.VersionLoggerListener.log Command line argument: -Dcatalina.base=/Users/pydiv/JAM/2023Aug/apache-tomcat-9.0.78
15-Aug-2023 23:05:24.807 INFO [main] org.apache.catalina.startup.VersionLoggerListener.log Command line argument: -Dcatalina.home=/Users/pydiv/JAM/2023Aug/apache-tomcat-9.0.78
15-Aug-2023 23:05:24.808 INFO [main] org.apache.catalina.startup.VersionLoggerListener.log Command line argument: -Djava.io.tmpdir=/Users/pydiv/JAM/2023Aug/apache-tomcat-9.0.78/temp
15-Aug-2023 23:05:24.834 INFO [main] org.apache.catalina.core.AprLifecycleListener.lifecycleEvent The Apache Tomcat Native library which allows using OpenSSL was not found on the java.library.path: [/Users/pydiv/Library/Java/Extensions:/Library/Java/Extensions:/Network/Library/Java/Extensions:/System/Library/Java/Extensions:/usr/lib/java:.]
15-Aug-2023 23:05:25.118 INFO [main] org.apache.coyote.AbstractProtocol.init Initializing ProtocolHandler ["http-nio-8080"]
15-Aug-2023 23:05:25.151 INFO [main] org.apache.catalina.startup.Catalina.load Server initialization in [590] milliseconds
15-Aug-2023 23:05:25.211 INFO [main] org.apache.catalina.core.StandardService.startInternal Starting service [Catalina]
15-Aug-2023 23:05:25.212 INFO [main] org.apache.catalina.core.StandardEngine.startInternal Starting Servlet engine: [Apache Tomcat/9.0.78]
15-Aug-2023 23:05:25.244 INFO [main] org.apache.catalina.startup.HostConfig.deployWAR Deploying web application archive [/Users/pydiv/JAM/2023Aug/apache-tomcat-9.0.78/webapps/pawsandwhiskers.war]
15-Aug-2023 23:05:25.815 INFO [main] org.apache.jasper.servlet.TldScanner.scanJars At least one JAR was scanned for TLDs yet contained no TLDs. Enable debug logging for this logger for a complete list of JARs that were scanned but no TLDs were found in them. Skipping unneeded JARs during scanning can improve startup time and JSP compilation time.
15-Aug-2023 23:05:25.851 INFO [main] org.apache.catalina.startup.HostConfig.deployWAR Deployment of web application archive [/Users/pydiv/JAM/2023Aug/apache-tomcat-9.0.78/webapps/pawsandwhiskers.war] has finished in [607] ms
15-Aug-2023 23:05:25.852 INFO [main] org.apache.catalina.startup.HostConfig.deployDirectory Deploying web application directory [/Users/pydiv/JAM/2023Aug/apache-tomcat-9.0.78/webapps/docs]
15-Aug-2023 23:05:25.878 INFO [main] org.apache.catalina.startup.HostConfig.deployDirectory Deployment of web application directory [/Users/pydiv/JAM/2023Aug/apache-tomcat-9.0.78/webapps/docs] has finished in [26] ms
15-Aug-2023 23:05:25.878 INFO [main] org.apache.catalina.startup.HostConfig.deployDirectory Deploying web application directory [/Users/pydiv/JAM/2023Aug/apache-tomcat-9.0.78/webapps/manager]
15-Aug-2023 23:05:25.915 INFO [main] org.apache.catalina.startup.HostConfig.deployDirectory Deployment of web application directory [/Users/pydiv/JAM/2023Aug/apache-tomcat-9.0.78/webapps/manager] has finished in [36] ms
15-Aug-2023 23:05:25.915 INFO [main] org.apache.catalina.startup.HostConfig.deployDirectory Deploying web application directory [/Users/pydiv/JAM/2023Aug/apache-tomcat-9.0.78/webapps/examples]
15-Aug-2023 23:05:26.132 INFO [main] org.apache.catalina.startup.HostConfig.deployDirectory Deployment of web application directory [/Users/pydiv/JAM/2023Aug/apache-tomcat-9.0.78/webapps/examples] has finished in [217] ms
15-Aug-2023 23:05:26.133 INFO [main] org.apache.catalina.startup.HostConfig.deployDirectory Deploying web application directory [/Users/pydiv/JAM/2023Aug/apache-tomcat-9.0.78/webapps/ROOT]
15-Aug-2023 23:05:26.155 INFO [main] org.apache.catalina.startup.HostConfig.deployDirectory Deployment of web application directory [/Users/pydiv/JAM/2023Aug/apache-tomcat-9.0.78/webapps/ROOT] has finished in [22] ms
15-Aug-2023 23:05:26.155 INFO [main] org.apache.catalina.startup.HostConfig.deployDirectory Deploying web application directory [/Users/pydiv/JAM/2023Aug/apache-tomcat-9.0.78/webapps/host-manager]
15-Aug-2023 23:05:26.180 INFO [main] org.apache.catalina.startup.HostConfig.deployDirectory Deployment of web application directory [/Users/pydiv/JAM/2023Aug/apache-tomcat-9.0.78/webapps/host-manager] has finished in [25] ms
15-Aug-2023 23:05:26.184 INFO [main] org.apache.coyote.AbstractProtocol.start Starting ProtocolHandler ["http-nio-8080"]
15-Aug-2023 23:05:26.198 INFO [main] org.apache.catalina.startup.Catalina.start Server startup in [1046] milliseconds
15-Aug-2023 23:06:06.712 INFO [Catalina-utility-2] org.apache.catalina.startup.HostConfig.undeploy Undeploying context [/pawsandwhiskers]
15-Aug-2023 23:06:06.724 WARNING [Catalina-utility-2] org.apache.catalina.loader.WebappClassLoaderBase.clearReferencesObjectStreamClassCaches When running on Java 9 or later you need to add "--add-opens=java.base/java.io=ALL-UNNAMED" to the JVM command line arguments to enable ObjectStream cache memory leak protection. Alternatively, you can suppress this warning by disabling ObjectStream class cache memory leak protection.
15-Aug-2023 23:06:06.724 WARNING [Catalina-utility-2] org.apache.catalina.loader.WebappClassLoaderBase.checkThreadLocalsForLeaks When running on Java 9 or later you need to add "--add-opens=java.base/java.lang=ALL-UNNAMED" to the JVM command line arguments to enable ThreadLocal memory leak detection. Alternatively, you can suppress this warning by disabling ThreadLocal memory leak detection.
15-Aug-2023 23:06:06.727 WARNING [Catalina-utility-2] org.apache.catalina.loader.WebappClassLoaderBase.clearReferencesRmiTargets When running on Java 9 or later you need to add "--add-opens=java.rmi/sun.rmi.transport=ALL-UNNAMED" to the JVM command line arguments to enable RMI Target memory leak detection. Alternatively, you can suppress this warning by disabling RMI Target memory leak detection.
15-Aug-2023 23:06:26.865 INFO [Catalina-utility-2] org.apache.catalina.startup.HostConfig.deployWAR Deploying web application archive [/Users/pydiv/JAM/2023Aug/apache-tomcat-9.0.78/webapps/pawsandwhiskers.war]
15-Aug-2023 23:06:27.346 INFO [Catalina-utility-2] org.apache.jasper.servlet.TldScanner.scanJars At least one JAR was scanned for TLDs yet contained no TLDs. Enable debug logging for this logger for a complete list of JARs that were scanned but no TLDs were found in them. Skipping unneeded JARs during scanning can improve startup time and JSP compilation time.
15-Aug-2023 23:06:27.348 INFO [Catalina-utility-2] org.apache.catalina.startup.HostConfig.deployWAR Deployment of web application archive [/Users/pydiv/JAM/2023Aug/apache-tomcat-9.0.78/webapps/pawsandwhiskers.war] has finished in [483] ms
15-Aug-2023 23:09:27.968 INFO [Catalina-utility-1] org.apache.catalina.startup.HostConfig.undeploy Undeploying context [/pawsandwhiskers]
15-Aug-2023 23:09:27.975 WARNING [Catalina-utility-1] org.apache.catalina.loader.WebappClassLoaderBase.clearReferencesObjectStreamClassCaches When running on Java 9 or later you need to add "--add-opens=java.base/java.io=ALL-UNNAMED" to the JVM command line arguments to enable ObjectStream cache memory leak protection. Alternatively, you can suppress this warning by disabling ObjectStream class cache memory leak protection.
15-Aug-2023 23:09:27.976 WARNING [Catalina-utility-1] org.apache.catalina.loader.WebappClassLoaderBase.checkThreadLocalsForLeaks When running on Java 9 or later you need to add "--add-opens=java.base/java.lang=ALL-UNNAMED" to the JVM command line arguments to enable ThreadLocal memory leak detection. Alternatively, you can suppress this warning by disabling ThreadLocal memory leak detection.
15-Aug-2023 23:09:27.977 WARNING [Catalina-utility-1] org.apache.catalina.loader.WebappClassLoaderBase.clearReferencesRmiTargets When running on Java 9 or later you need to add "--add-opens=java.rmi/sun.rmi.transport=ALL-UNNAMED" to the JVM command line arguments to enable RMI Target memory leak detection. Alternatively, you can suppress this warning by disabling RMI Target memory leak detection.
15-Aug-2023 23:13:21.505 INFO [main] org.apache.catalina.core.StandardServer.await A valid shutdown command was received via the shutdown port. Stopping the Server instance.
15-Aug-2023 23:13:21.506 INFO [main] org.apache.coyote.AbstractProtocol.pause Pausing ProtocolHandler ["http-nio-8080"]
15-Aug-2023 23:13:21.512 INFO [main] org.apache.catalina.core.StandardService.stopInternal Stopping service [Catalina]
15-Aug-2023 23:13:21.522 WARNING [main] org.apache.catalina.loader.WebappClassLoaderBase.clearReferencesObjectStreamClassCaches When running on Java 9 or later you need to add "--add-opens=java.base/java.io=ALL-UNNAMED" to the JVM command line arguments to enable ObjectStream cache memory leak protection. Alternatively, you can suppress this warning by disabling ObjectStream class cache memory leak protection.
15-Aug-2023 23:13:21.523 WARNING [main] org.apache.catalina.loader.WebappClassLoaderBase.checkThreadLocalsForLeaks When running on Java 9 or later you need to add "--add-opens=java.base/java.lang=ALL-UNNAMED" to the JVM command line arguments to enable ThreadLocal memory leak detection. Alternatively, you can suppress this warning by disabling ThreadLocal memory leak detection.
15-Aug-2023 23:13:21.523 WARNING [main] org.apache.catalina.loader.WebappClassLoaderBase.clearReferencesRmiTargets When running on Java 9 or later you need to add "--add-opens=java.rmi/sun.rmi.transport=ALL-UNNAMED" to the JVM command line arguments to enable RMI Target memory leak detection. Alternatively, you can suppress this warning by disabling RMI Target memory leak detection.
15-Aug-2023 23:13:21.530 WARNING [main] org.apache.catalina.loader.WebappClassLoaderBase.clearReferencesObjectStreamClassCaches When running on Java 9 or later you need to add "--add-opens=java.base/java.io=ALL-UNNAMED" to the JVM command line arguments to enable ObjectStream cache memory leak protection. Alternatively, you can suppress this warning by disabling ObjectStream class cache memory leak protection.
15-Aug-2023 23:13:21.530 WARNING [main] org.apache.catalina.loader.WebappClassLoaderBase.checkThreadLocalsForLeaks When running on Java 9 or later you need to add "--add-opens=java.base/java.lang=ALL-UNNAMED" to the JVM command line arguments to enable ThreadLocal memory leak detection. Alternatively, you can suppress this warning by disabling ThreadLocal memory leak detection.
15-Aug-2023 23:13:21.530 WARNING [main] org.apache.catalina.loader.WebappClassLoaderBase.clearReferencesRmiTargets When running on Java 9 or later you need to add "--add-opens=java.rmi/sun.rmi.transport=ALL-UNNAMED" to the JVM command line arguments to enable RMI Target memory leak detection. Alternatively, you can suppress this warning by disabling RMI Target memory leak detection.
15-Aug-2023 23:13:21.534 WARNING [main] org.apache.catalina.loader.WebappClassLoaderBase.clearReferencesObjectStreamClassCaches When running on Java 9 or later you need to add "--add-opens=java.base/java.io=ALL-UNNAMED" to the JVM command line arguments to enable ObjectStream cache memory leak protection. Alternatively, you can suppress this warning by disabling ObjectStream class cache memory leak protection.
15-Aug-2023 23:13:21.534 WARNING [main] org.apache.catalina.loader.WebappClassLoaderBase.checkThreadLocalsForLeaks When running on Java 9 or later you need to add "--add-opens=java.base/java.lang=ALL-UNNAMED" to the JVM command line arguments to enable ThreadLocal memory leak detection. Alternatively, you can suppress this warning by disabling ThreadLocal memory leak detection.
15-Aug-2023 23:13:21.535 WARNING [main] org.apache.catalina.loader.WebappClassLoaderBase.clearReferencesRmiTargets When running on Java 9 or later you need to add "--add-opens=java.rmi/sun.rmi.transport=ALL-UNNAMED" to the JVM command line arguments to enable RMI Target memory leak detection. Alternatively, you can suppress this warning by disabling RMI Target memory leak detection.
15-Aug-2023 23:13:21.561 WARNING [main] org.apache.catalina.loader.WebappClassLoaderBase.clearReferencesObjectStreamClassCaches When running on Java 9 or later you need to add "--add-opens=java.base/java.io=ALL-UNNAMED" to the JVM command line arguments to enable ObjectStream cache memory leak protection. Alternatively, you can suppress this warning by disabling ObjectStream class cache memory leak protection.
15-Aug-2023 23:13:21.561 WARNING [main] org.apache.catalina.loader.WebappClassLoaderBase.checkThreadLocalsForLeaks When running on Java 9 or later you need to add "--add-opens=java.base/java.lang=ALL-UNNAMED" to the JVM command line arguments to enable ThreadLocal memory leak detection. Alternatively, you can suppress this warning by disabling ThreadLocal memory leak detection.
15-Aug-2023 23:13:21.561 WARNING [main] org.apache.catalina.loader.WebappClassLoaderBase.clearReferencesRmiTargets When running on Java 9 or later you need to add "--add-opens=java.rmi/sun.rmi.transport=ALL-UNNAMED" to the JVM command line arguments to enable RMI Target memory leak detection. Alternatively, you can suppress this warning by disabling RMI Target memory leak detection.
15-Aug-2023 23:13:21.563 WARNING [main] org.apache.catalina.loader.WebappClassLoaderBase.clearReferencesObjectStreamClassCaches When running on Java 9 or later you need to add "--add-opens=java.base/java.io=ALL-UNNAMED" to the JVM command line arguments to enable ObjectStream cache memory leak protection. Alternatively, you can suppress this warning by disabling ObjectStream class cache memory leak protection.
15-Aug-2023 23:13:21.563 WARNING [main] org.apache.catalina.loader.WebappClassLoaderBase.checkThreadLocalsForLeaks When running on Java 9 or later you need to add "--add-opens=java.base/java.lang=ALL-UNNAMED" to the JVM command line arguments to enable ThreadLocal memory leak detection. Alternatively, you can suppress this warning by disabling ThreadLocal memory leak detection.
15-Aug-2023 23:13:21.563 WARNING [main] org.apache.catalina.loader.WebappClassLoaderBase.clearReferencesRmiTargets When running on Java 9 or later you need to add "--add-opens=java.rmi/sun.rmi.transport=ALL-UNNAMED" to the JVM command line arguments to enable RMI Target memory leak detection. Alternatively, you can suppress this warning by disabling RMI Target memory leak detection.
15-Aug-2023 23:13:21.563 INFO [main] org.apache.coyote.AbstractProtocol.stop Stopping ProtocolHandler ["http-nio-8080"]
15-Aug-2023 23:13:21.580 INFO [main] org.apache.coyote.AbstractProtocol.destroy Destroying ProtocolHandler ["http-nio-8080"]
15-Aug-2023 23:13:29.845 INFO [main] org.apache.catalina.startup.VersionLoggerListener.log Server version name:   Apache Tomcat/9.0.78
15-Aug-2023 23:13:29.848 INFO [main] org.apache.catalina.startup.VersionLoggerListener.log Server built:          Jul 4 2023 13:15:43 UTC
15-Aug-2023 23:13:29.848 INFO [main] org.apache.catalina.startup.VersionLoggerListener.log Server version number: 9.0.78.0
15-Aug-2023 23:13:29.848 INFO [main] org.apache.catalina.startup.VersionLoggerListener.log OS Name:               Mac OS X
15-Aug-2023 23:13:29.848 INFO [main] org.apache.catalina.startup.VersionLoggerListener.log OS Version:            13.5
15-Aug-2023 23:13:29.848 INFO [main] org.apache.catalina.startup.VersionLoggerListener.log Architecture:          x86_64
15-Aug-2023 23:13:29.849 INFO [main] org.apache.catalina.startup.VersionLoggerListener.log Java Home:             /Library/Java/JavaVirtualMachines/temurin-17.jdk/Contents/Home
15-Aug-2023 23:13:29.849 INFO [main] org.apache.catalina.startup.VersionLoggerListener.log JVM Version:           17.0.8+7
15-Aug-2023 23:13:29.849 INFO [main] org.apache.catalina.startup.VersionLoggerListener.log JVM Vendor:            Eclipse Adoptium
15-Aug-2023 23:13:29.849 INFO [main] org.apache.catalina.startup.VersionLoggerListener.log CATALINA_BASE:         /Users/pydiv/JAM/2023Aug/apache-tomcat-9.0.78
15-Aug-2023 23:13:29.849 INFO [main] org.apache.catalina.startup.VersionLoggerListener.log CATALINA_HOME:         /Users/pydiv/JAM/2023Aug/apache-tomcat-9.0.78
15-Aug-2023 23:13:29.860 INFO [main] org.apache.catalina.startup.VersionLoggerListener.log Command line argument: -Djava.util.logging.config.file=/Users/pydiv/JAM/2023Aug/apache-tomcat-9.0.78/conf/logging.properties
15-Aug-2023 23:13:29.860 INFO [main] org.apache.catalina.startup.VersionLoggerListener.log Command line argument: -Djava.util.logging.manager=org.apache.juli.ClassLoaderLogManager
15-Aug-2023 23:13:29.860 INFO [main] org.apache.catalina.startup.VersionLoggerListener.log Command line argument: -Djdk.tls.ephemeralDHKeySize=2048
15-Aug-2023 23:13:29.860 INFO [main] org.apache.catalina.startup.VersionLoggerListener.log Command line argument: -Djava.protocol.handler.pkgs=org.apache.catalina.webresources
15-Aug-2023 23:13:29.860 INFO [main] org.apache.catalina.startup.VersionLoggerListener.log Command line argument: -Dorg.apache.catalina.security.SecurityListener.UMASK=0027
15-Aug-2023 23:13:29.861 INFO [main] org.apache.catalina.startup.VersionLoggerListener.log Command line argument: -Dcatalina.base=/Users/pydiv/JAM/2023Aug/apache-tomcat-9.0.78
15-Aug-2023 23:13:29.861 INFO [main] org.apache.catalina.startup.VersionLoggerListener.log Command line argument: -Dcatalina.home=/Users/pydiv/JAM/2023Aug/apache-tomcat-9.0.78
15-Aug-2023 23:13:29.861 INFO [main] org.apache.catalina.startup.VersionLoggerListener.log Command line argument: -Djava.io.tmpdir=/Users/pydiv/JAM/2023Aug/apache-tomcat-9.0.78/temp
15-Aug-2023 23:13:29.874 INFO [main] org.apache.catalina.core.AprLifecycleListener.lifecycleEvent The Apache Tomcat Native library which allows using OpenSSL was not found on the java.library.path: [/Users/pydiv/Library/Java/Extensions:/Library/Java/Extensions:/Network/Library/Java/Extensions:/System/Library/Java/Extensions:/usr/lib/java:.]
15-Aug-2023 23:13:30.176 INFO [main] org.apache.coyote.AbstractProtocol.init Initializing ProtocolHandler ["http-nio-8080"]
15-Aug-2023 23:13:30.204 INFO [main] org.apache.catalina.startup.Catalina.load Server initialization in [521] milliseconds
15-Aug-2023 23:13:30.239 INFO [main] org.apache.catalina.core.StandardService.startInternal Starting service [Catalina]
15-Aug-2023 23:13:30.239 INFO [main] org.apache.catalina.core.StandardEngine.startInternal Starting Servlet engine: [Apache Tomcat/9.0.78]
15-Aug-2023 23:13:30.254 INFO [main] org.apache.catalina.startup.HostConfig.deployWAR Deploying web application archive [/Users/pydiv/JAM/2023Aug/apache-tomcat-9.0.78/webapps/pawsandwhiskers.war]
15-Aug-2023 23:13:30.962 INFO [main] org.apache.jasper.servlet.TldScanner.scanJars At least one JAR was scanned for TLDs yet contained no TLDs. Enable debug logging for this logger for a complete list of JARs that were scanned but no TLDs were found in them. Skipping unneeded JARs during scanning can improve startup time and JSP compilation time.
15-Aug-2023 23:13:31.018 INFO [main] org.apache.catalina.startup.HostConfig.deployWAR Deployment of web application archive [/Users/pydiv/JAM/2023Aug/apache-tomcat-9.0.78/webapps/pawsandwhiskers.war] has finished in [763] ms
15-Aug-2023 23:13:31.019 INFO [main] org.apache.catalina.startup.HostConfig.deployDirectory Deploying web application directory [/Users/pydiv/JAM/2023Aug/apache-tomcat-9.0.78/webapps/docs]
15-Aug-2023 23:13:31.054 INFO [main] org.apache.catalina.startup.HostConfig.deployDirectory Deployment of web application directory [/Users/pydiv/JAM/2023Aug/apache-tomcat-9.0.78/webapps/docs] has finished in [35] ms
15-Aug-2023 23:13:31.055 INFO [main] org.apache.catalina.startup.HostConfig.deployDirectory Deploying web application directory [/Users/pydiv/JAM/2023Aug/apache-tomcat-9.0.78/webapps/manager]
15-Aug-2023 23:13:31.122 INFO [main] org.apache.catalina.startup.HostConfig.deployDirectory Deployment of web application directory [/Users/pydiv/JAM/2023Aug/apache-tomcat-9.0.78/webapps/manager] has finished in [66] ms
15-Aug-2023 23:13:31.122 INFO [main] org.apache.catalina.startup.HostConfig.deployDirectory Deploying web application directory [/Users/pydiv/JAM/2023Aug/apache-tomcat-9.0.78/webapps/examples]
15-Aug-2023 23:13:31.348 INFO [main] org.apache.catalina.startup.HostConfig.deployDirectory Deployment of web application directory [/Users/pydiv/JAM/2023Aug/apache-tomcat-9.0.78/webapps/examples] has finished in [226] ms
15-Aug-2023 23:13:31.348 INFO [main] org.apache.catalina.startup.HostConfig.deployDirectory Deploying web application directory [/Users/pydiv/JAM/2023Aug/apache-tomcat-9.0.78/webapps/ROOT]
15-Aug-2023 23:13:31.366 INFO [main] org.apache.catalina.startup.HostConfig.deployDirectory Deployment of web application directory [/Users/pydiv/JAM/2023Aug/apache-tomcat-9.0.78/webapps/ROOT] has finished in [17] ms
15-Aug-2023 23:13:31.366 INFO [main] org.apache.catalina.startup.HostConfig.deployDirectory Deploying web application directory [/Users/pydiv/JAM/2023Aug/apache-tomcat-9.0.78/webapps/host-manager]
15-Aug-2023 23:13:31.389 INFO [main] org.apache.catalina.startup.HostConfig.deployDirectory Deployment of web application directory [/Users/pydiv/JAM/2023Aug/apache-tomcat-9.0.78/webapps/host-manager] has finished in [23] ms
15-Aug-2023 23:13:31.392 INFO [main] org.apache.coyote.AbstractProtocol.start Starting ProtocolHandler ["http-nio-8080"]
15-Aug-2023 23:13:31.409 INFO [main] org.apache.catalina.startup.Catalina.start Server startup in [1204] milliseconds
15-Aug-2023 23:23:11.751 INFO [Catalina-utility-2] org.apache.catalina.startup.HostConfig.undeploy Undeploying context [/pawsandwhiskers]
15-Aug-2023 23:23:11.777 WARNING [Catalina-utility-2] org.apache.catalina.loader.WebappClassLoaderBase.clearReferencesObjectStreamClassCaches When running on Java 9 or later you need to add "--add-opens=java.base/java.io=ALL-UNNAMED" to the JVM command line arguments to enable ObjectStream cache memory leak protection. Alternatively, you can suppress this warning by disabling ObjectStream class cache memory leak protection.
15-Aug-2023 23:23:11.778 WARNING [Catalina-utility-2] org.apache.catalina.loader.WebappClassLoaderBase.checkThreadLocalsForLeaks When running on Java 9 or later you need to add "--add-opens=java.base/java.lang=ALL-UNNAMED" to the JVM command line arguments to enable ThreadLocal memory leak detection. Alternatively, you can suppress this warning by disabling ThreadLocal memory leak detection.
15-Aug-2023 23:23:11.782 WARNING [Catalina-utility-2] org.apache.catalina.loader.WebappClassLoaderBase.clearReferencesRmiTargets When running on Java 9 or later you need to add "--add-opens=java.rmi/sun.rmi.transport=ALL-UNNAMED" to the JVM command line arguments to enable RMI Target memory leak detection. Alternatively, you can suppress this warning by disabling RMI Target memory leak detection.
15-Aug-2023 23:23:11.810 INFO [Catalina-utility-2] org.apache.catalina.startup.HostConfig.deployWAR Deploying web application archive [/Users/pydiv/JAM/2023Aug/apache-tomcat-9.0.78/webapps/pawsandwhiskers.war]
15-Aug-2023 23:23:12.240 INFO [Catalina-utility-2] org.apache.jasper.servlet.TldScanner.scanJars At least one JAR was scanned for TLDs yet contained no TLDs. Enable debug logging for this logger for a complete list of JARs that were scanned but no TLDs were found in them. Skipping unneeded JARs during scanning can improve startup time and JSP compilation time.
15-Aug-2023 23:23:12.245 INFO [Catalina-utility-2] org.apache.catalina.startup.HostConfig.deployWAR Deployment of web application archive [/Users/pydiv/JAM/2023Aug/apache-tomcat-9.0.78/webapps/pawsandwhiskers.war] has finished in [434] ms
15-Aug-2023 23:24:42.793 INFO [Catalina-utility-1] org.apache.catalina.startup.HostConfig.undeploy Undeploying context [/pawsandwhiskers]
15-Aug-2023 23:24:42.797 WARNING [Catalina-utility-1] org.apache.catalina.loader.WebappClassLoaderBase.clearReferencesObjectStreamClassCaches When running on Java 9 or later you need to add "--add-opens=java.base/java.io=ALL-UNNAMED" to the JVM command line arguments to enable ObjectStream cache memory leak protection. Alternatively, you can suppress this warning by disabling ObjectStream class cache memory leak protection.
15-Aug-2023 23:24:42.797 WARNING [Catalina-utility-1] org.apache.catalina.loader.WebappClassLoaderBase.checkThreadLocalsForLeaks When running on Java 9 or later you need to add "--add-opens=java.base/java.lang=ALL-UNNAMED" to the JVM command line arguments to enable ThreadLocal memory leak detection. Alternatively, you can suppress this warning by disabling ThreadLocal memory leak detection.
15-Aug-2023 23:24:42.797 WARNING [Catalina-utility-1] org.apache.catalina.loader.WebappClassLoaderBase.clearReferencesRmiTargets When running on Java 9 or later you need to add "--add-opens=java.rmi/sun.rmi.transport=ALL-UNNAMED" to the JVM command line arguments to enable RMI Target memory leak detection. Alternatively, you can suppress this warning by disabling RMI Target memory leak detection.
15-Aug-2023 23:24:46.431 INFO [main] org.apache.catalina.core.StandardServer.await A valid shutdown command was received via the shutdown port. Stopping the Server instance.
15-Aug-2023 23:24:46.432 INFO [main] org.apache.coyote.AbstractProtocol.pause Pausing ProtocolHandler ["http-nio-8080"]
15-Aug-2023 23:24:46.438 INFO [main] org.apache.catalina.core.StandardService.stopInternal Stopping service [Catalina]
15-Aug-2023 23:24:46.441 WARNING [main] org.apache.catalina.loader.WebappClassLoaderBase.clearReferencesObjectStreamClassCaches When running on Java 9 or later you need to add "--add-opens=java.base/java.io=ALL-UNNAMED" to the JVM command line arguments to enable ObjectStream cache memory leak protection. Alternatively, you can suppress this warning by disabling ObjectStream class cache memory leak protection.
15-Aug-2023 23:24:46.442 WARNING [main] org.apache.catalina.loader.WebappClassLoaderBase.checkThreadLocalsForLeaks When running on Java 9 or later you need to add "--add-opens=java.base/java.lang=ALL-UNNAMED" to the JVM command line arguments to enable ThreadLocal memory leak detection. Alternatively, you can suppress this warning by disabling ThreadLocal memory leak detection.
15-Aug-2023 23:24:46.442 WARNING [main] org.apache.catalina.loader.WebappClassLoaderBase.clearReferencesRmiTargets When running on Java 9 or later you need to add "--add-opens=java.rmi/sun.rmi.transport=ALL-UNNAMED" to the JVM command line arguments to enable RMI Target memory leak detection. Alternatively, you can suppress this warning by disabling RMI Target memory leak detection.
15-Aug-2023 23:24:46.446 WARNING [main] org.apache.catalina.loader.WebappClassLoaderBase.clearReferencesObjectStreamClassCaches When running on Java 9 or later you need to add "--add-opens=java.base/java.io=ALL-UNNAMED" to the JVM command line arguments to enable ObjectStream cache memory leak protection. Alternatively, you can suppress this warning by disabling ObjectStream class cache memory leak protection.
15-Aug-2023 23:24:46.447 WARNING [main] org.apache.catalina.loader.WebappClassLoaderBase.checkThreadLocalsForLeaks When running on Java 9 or later you need to add "--add-opens=java.base/java.lang=ALL-UNNAMED" to the JVM command line arguments to enable ThreadLocal memory leak detection. Alternatively, you can suppress this warning by disabling ThreadLocal memory leak detection.
15-Aug-2023 23:24:46.447 WARNING [main] org.apache.catalina.loader.WebappClassLoaderBase.clearReferencesRmiTargets When running on Java 9 or later you need to add "--add-opens=java.rmi/sun.rmi.transport=ALL-UNNAMED" to the JVM command line arguments to enable RMI Target memory leak detection. Alternatively, you can suppress this warning by disabling RMI Target memory leak detection.
15-Aug-2023 23:24:46.449 WARNING [main] org.apache.catalina.loader.WebappClassLoaderBase.clearReferencesObjectStreamClassCaches When running on Java 9 or later you need to add "--add-opens=java.base/java.io=ALL-UNNAMED" to the JVM command line arguments to enable ObjectStream cache memory leak protection. Alternatively, you can suppress this warning by disabling ObjectStream class cache memory leak protection.
15-Aug-2023 23:24:46.450 WARNING [main] org.apache.catalina.loader.WebappClassLoaderBase.checkThreadLocalsForLeaks When running on Java 9 or later you need to add "--add-opens=java.base/java.lang=ALL-UNNAMED" to the JVM command line arguments to enable ThreadLocal memory leak detection. Alternatively, you can suppress this warning by disabling ThreadLocal memory leak detection.
15-Aug-2023 23:24:46.450 WARNING [main] org.apache.catalina.loader.WebappClassLoaderBase.clearReferencesRmiTargets When running on Java 9 or later you need to add "--add-opens=java.rmi/sun.rmi.transport=ALL-UNNAMED" to the JVM command line arguments to enable RMI Target memory leak detection. Alternatively, you can suppress this warning by disabling RMI Target memory leak detection.
15-Aug-2023 23:24:46.457 WARNING [main] org.apache.catalina.loader.WebappClassLoaderBase.clearReferencesObjectStreamClassCaches When running on Java 9 or later you need to add "--add-opens=java.base/java.io=ALL-UNNAMED" to the JVM command line arguments to enable ObjectStream cache memory leak protection. Alternatively, you can suppress this warning by disabling ObjectStream class cache memory leak protection.
15-Aug-2023 23:24:46.458 WARNING [main] org.apache.catalina.loader.WebappClassLoaderBase.checkThreadLocalsForLeaks When running on Java 9 or later you need to add "--add-opens=java.base/java.lang=ALL-UNNAMED" to the JVM command line arguments to enable ThreadLocal memory leak detection. Alternatively, you can suppress this warning by disabling ThreadLocal memory leak detection.
15-Aug-2023 23:24:46.458 WARNING [main] org.apache.catalina.loader.WebappClassLoaderBase.clearReferencesRmiTargets When running on Java 9 or later you need to add "--add-opens=java.rmi/sun.rmi.transport=ALL-UNNAMED" to the JVM command line arguments to enable RMI Target memory leak detection. Alternatively, you can suppress this warning by disabling RMI Target memory leak detection.
15-Aug-2023 23:24:46.460 WARNING [main] org.apache.catalina.loader.WebappClassLoaderBase.clearReferencesObjectStreamClassCaches When running on Java 9 or later you need to add "--add-opens=java.base/java.io=ALL-UNNAMED" to the JVM command line arguments to enable ObjectStream cache memory leak protection. Alternatively, you can suppress this warning by disabling ObjectStream class cache memory leak protection.
15-Aug-2023 23:24:46.460 WARNING [main] org.apache.catalina.loader.WebappClassLoaderBase.checkThreadLocalsForLeaks When running on Java 9 or later you need to add "--add-opens=java.base/java.lang=ALL-UNNAMED" to the JVM command line arguments to enable ThreadLocal memory leak detection. Alternatively, you can suppress this warning by disabling ThreadLocal memory leak detection.
15-Aug-2023 23:24:46.460 WARNING [main] org.apache.catalina.loader.WebappClassLoaderBase.clearReferencesRmiTargets When running on Java 9 or later you need to add "--add-opens=java.rmi/sun.rmi.transport=ALL-UNNAMED" to the JVM command line arguments to enable RMI Target memory leak detection. Alternatively, you can suppress this warning by disabling RMI Target memory leak detection.
15-Aug-2023 23:24:46.461 INFO [main] org.apache.coyote.AbstractProtocol.stop Stopping ProtocolHandler ["http-nio-8080"]
15-Aug-2023 23:24:46.472 INFO [main] org.apache.coyote.AbstractProtocol.destroy Destroying ProtocolHandler ["http-nio-8080"]
15-Aug-2023 23:25:22.819 INFO [main] org.apache.catalina.startup.VersionLoggerListener.log Server version name:   Apache Tomcat/9.0.78
15-Aug-2023 23:25:22.825 INFO [main] org.apache.catalina.startup.VersionLoggerListener.log Server built:          Jul 4 2023 13:15:43 UTC
15-Aug-2023 23:25:22.825 INFO [main] org.apache.catalina.startup.VersionLoggerListener.log Server version number: 9.0.78.0
15-Aug-2023 23:25:22.825 INFO [main] org.apache.catalina.startup.VersionLoggerListener.log OS Name:               Mac OS X
15-Aug-2023 23:25:22.825 INFO [main] org.apache.catalina.startup.VersionLoggerListener.log OS Version:            13.5
15-Aug-2023 23:25:22.826 INFO [main] org.apache.catalina.startup.VersionLoggerListener.log Architecture:          x86_64
15-Aug-2023 23:25:22.826 INFO [main] org.apache.catalina.startup.VersionLoggerListener.log Java Home:             /Library/Java/JavaVirtualMachines/temurin-17.jdk/Contents/Home
15-Aug-2023 23:25:22.826 INFO [main] org.apache.catalina.startup.VersionLoggerListener.log JVM Version:           17.0.8+7
15-Aug-2023 23:25:22.826 INFO [main] org.apache.catalina.startup.VersionLoggerListener.log JVM Vendor:            Eclipse Adoptium
15-Aug-2023 23:25:22.826 INFO [main] org.apache.catalina.startup.VersionLoggerListener.log CATALINA_BASE:         /Users/pydiv/JAM/2023Aug/apache-tomcat-9.0.78
15-Aug-2023 23:25:22.827 INFO [main] org.apache.catalina.startup.VersionLoggerListener.log CATALINA_HOME:         /Users/pydiv/JAM/2023Aug/apache-tomcat-9.0.78
15-Aug-2023 23:25:22.904 INFO [main] org.apache.catalina.startup.VersionLoggerListener.log Command line argument: -agentlib:jdwp=transport=dt_socket,server=y,suspend=y,address=localhost:50400
15-Aug-2023 23:25:22.904 INFO [main] org.apache.catalina.startup.VersionLoggerListener.log Command line argument: -Djava.util.logging.config.file=/Users/pydiv/JAM/2023Aug/apache-tomcat-9.0.78/conf/logging.properties
15-Aug-2023 23:25:22.905 INFO [main] org.apache.catalina.startup.VersionLoggerListener.log Command line argument: -Djava.util.logging.manager=org.apache.juli.ClassLoaderLogManager
15-Aug-2023 23:25:22.906 INFO [main] org.apache.catalina.startup.VersionLoggerListener.log Command line argument: -Djdk.tls.ephemeralDHKeySize=2048
15-Aug-2023 23:25:22.907 INFO [main] org.apache.catalina.startup.VersionLoggerListener.log Command line argument: -Djava.protocol.handler.pkgs=org.apache.catalina.webresources
15-Aug-2023 23:25:22.907 INFO [main] org.apache.catalina.startup.VersionLoggerListener.log Command line argument: -Dorg.apache.catalina.security.SecurityListener.UMASK=0027
15-Aug-2023 23:25:22.908 INFO [main] org.apache.catalina.startup.VersionLoggerListener.log Command line argument: -Dcatalina.base=/Users/pydiv/JAM/2023Aug/apache-tomcat-9.0.78
15-Aug-2023 23:25:22.909 INFO [main] org.apache.catalina.startup.VersionLoggerListener.log Command line argument: -Dcatalina.home=/Users/pydiv/JAM/2023Aug/apache-tomcat-9.0.78
15-Aug-2023 23:25:22.909 INFO [main] org.apache.catalina.startup.VersionLoggerListener.log Command line argument: -Djava.io.tmpdir=/Users/pydiv/JAM/2023Aug/apache-tomcat-9.0.78/temp
15-Aug-2023 23:25:22.948 INFO [main] org.apache.catalina.core.AprLifecycleListener.lifecycleEvent The Apache Tomcat Native library which allows using OpenSSL was not found on the java.library.path: [/Users/pydiv/Library/Java/Extensions:/Library/Java/Extensions:/Network/Library/Java/Extensions:/System/Library/Java/Extensions:/usr/lib/java:.]
15-Aug-2023 23:25:23.466 INFO [main] org.apache.coyote.AbstractProtocol.init Initializing ProtocolHandler ["http-nio-8080"]
15-Aug-2023 23:25:23.611 INFO [main] org.apache.catalina.startup.Catalina.load Server initialization in [1075] milliseconds
15-Aug-2023 23:25:23.693 INFO [main] org.apache.catalina.core.StandardService.startInternal Starting service [Catalina]
15-Aug-2023 23:25:23.693 INFO [main] org.apache.catalina.core.StandardEngine.startInternal Starting Servlet engine: [Apache Tomcat/9.0.78]
15-Aug-2023 23:25:23.731 INFO [main] org.apache.catalina.startup.HostConfig.deployWAR Deploying web application archive [/Users/pydiv/JAM/2023Aug/apache-tomcat-9.0.78/webapps/pawsandwhiskers.war]
15-Aug-2023 23:25:25.114 INFO [main] org.apache.jasper.servlet.TldScanner.scanJars At least one JAR was scanned for TLDs yet contained no TLDs. Enable debug logging for this logger for a complete list of JARs that were scanned but no TLDs were found in them. Skipping unneeded JARs during scanning can improve startup time and JSP compilation time.
15-Aug-2023 23:25:25.168 INFO [main] org.apache.catalina.startup.HostConfig.deployWAR Deployment of web application archive [/Users/pydiv/JAM/2023Aug/apache-tomcat-9.0.78/webapps/pawsandwhiskers.war] has finished in [1,436] ms
15-Aug-2023 23:25:25.169 INFO [main] org.apache.catalina.startup.HostConfig.deployDirectory Deploying web application directory [/Users/pydiv/JAM/2023Aug/apache-tomcat-9.0.78/webapps/docs]
15-Aug-2023 23:25:25.217 INFO [main] org.apache.catalina.startup.HostConfig.deployDirectory Deployment of web application directory [/Users/pydiv/JAM/2023Aug/apache-tomcat-9.0.78/webapps/docs] has finished in [48] ms
15-Aug-2023 23:25:25.218 INFO [main] org.apache.catalina.startup.HostConfig.deployDirectory Deploying web application directory [/Users/pydiv/JAM/2023Aug/apache-tomcat-9.0.78/webapps/manager]
15-Aug-2023 23:25:25.350 INFO [main] org.apache.catalina.startup.HostConfig.deployDirectory Deployment of web application directory [/Users/pydiv/JAM/2023Aug/apache-tomcat-9.0.78/webapps/manager] has finished in [131] ms
15-Aug-2023 23:25:25.351 INFO [main] org.apache.catalina.startup.HostConfig.deployDirectory Deploying web application directory [/Users/pydiv/JAM/2023Aug/apache-tomcat-9.0.78/webapps/examples]
15-Aug-2023 23:25:25.779 INFO [main] org.apache.catalina.startup.HostConfig.deployDirectory Deployment of web application directory [/Users/pydiv/JAM/2023Aug/apache-tomcat-9.0.78/webapps/examples] has finished in [428] ms
15-Aug-2023 23:25:25.780 INFO [main] org.apache.catalina.startup.HostConfig.deployDirectory Deploying web application directory [/Users/pydiv/JAM/2023Aug/apache-tomcat-9.0.78/webapps/ROOT]
15-Aug-2023 23:25:25.835 INFO [main] org.apache.catalina.startup.HostConfig.deployDirectory Deployment of web application directory [/Users/pydiv/JAM/2023Aug/apache-tomcat-9.0.78/webapps/ROOT] has finished in [53] ms
15-Aug-2023 23:25:25.835 INFO [main] org.apache.catalina.startup.HostConfig.deployDirectory Deploying web application directory [/Users/pydiv/JAM/2023Aug/apache-tomcat-9.0.78/webapps/host-manager]
15-Aug-2023 23:25:25.901 INFO [main] org.apache.catalina.startup.HostConfig.deployDirectory Deployment of web application directory [/Users/pydiv/JAM/2023Aug/apache-tomcat-9.0.78/webapps/host-manager] has finished in [65] ms
15-Aug-2023 23:25:25.906 INFO [main] org.apache.coyote.AbstractProtocol.start Starting ProtocolHandler ["http-nio-8080"]
15-Aug-2023 23:25:25.930 INFO [main] org.apache.catalina.startup.Catalina.start Server startup in [2318] milliseconds
