13-Aug-2023 19:53:56.583 INFO [main] org.apache.catalina.startup.VersionLoggerListener.log Server version name:   Apache Tomcat/9.0.78
13-Aug-2023 19:53:56.588 INFO [main] org.apache.catalina.startup.VersionLoggerListener.log Server built:          Jul 4 2023 13:15:43 UTC
13-Aug-2023 19:53:56.588 INFO [main] org.apache.catalina.startup.VersionLoggerListener.log Server version number: 9.0.78.0
13-Aug-2023 19:53:56.588 INFO [main] org.apache.catalina.startup.VersionLoggerListener.log OS Name:               Mac OS X
13-Aug-2023 19:53:56.588 INFO [main] org.apache.catalina.startup.VersionLoggerListener.log OS Version:            13.5
13-Aug-2023 19:53:56.588 INFO [main] org.apache.catalina.startup.VersionLoggerListener.log Architecture:          x86_64
13-Aug-2023 19:53:56.588 INFO [main] org.apache.catalina.startup.VersionLoggerListener.log Java Home:             /Library/Java/JavaVirtualMachines/temurin-17.jdk/Contents/Home
13-Aug-2023 19:53:56.588 INFO [main] org.apache.catalina.startup.VersionLoggerListener.log JVM Version:           17.0.8+7
13-Aug-2023 19:53:56.589 INFO [main] org.apache.catalina.startup.VersionLoggerListener.log JVM Vendor:            Eclipse Adoptium
13-Aug-2023 19:53:56.589 INFO [main] org.apache.catalina.startup.VersionLoggerListener.log CATALINA_BASE:         /Users/pydiv/JAM/2023Aug/apache-tomcat-9.0.78
13-Aug-2023 19:53:56.589 INFO [main] org.apache.catalina.startup.VersionLoggerListener.log CATALINA_HOME:         /Users/pydiv/JAM/2023Aug/apache-tomcat-9.0.78
13-Aug-2023 19:53:56.642 INFO [main] org.apache.catalina.startup.VersionLoggerListener.log Command line argument: --add-opens=java.base/java.lang=ALL-UNNAMED
13-Aug-2023 19:53:56.642 INFO [main] org.apache.catalina.startup.VersionLoggerListener.log Command line argument: --add-opens=java.base/java.io=ALL-UNNAMED
13-Aug-2023 19:53:56.642 INFO [main] org.apache.catalina.startup.VersionLoggerListener.log Command line argument: --add-opens=java.base/java.util=ALL-UNNAMED
13-Aug-2023 19:53:56.642 INFO [main] org.apache.catalina.startup.VersionLoggerListener.log Command line argument: --add-opens=java.base/java.util.concurrent=ALL-UNNAMED
13-Aug-2023 19:53:56.643 INFO [main] org.apache.catalina.startup.VersionLoggerListener.log Command line argument: --add-opens=java.rmi/sun.rmi.transport=ALL-UNNAMED
13-Aug-2023 19:53:56.643 INFO [main] org.apache.catalina.startup.VersionLoggerListener.log Command line argument: -Djava.util.logging.config.file=/Users/pydiv/JAM/2023Aug/apache-tomcat-9.0.78/conf/logging.properties
13-Aug-2023 19:53:56.643 INFO [main] org.apache.catalina.startup.VersionLoggerListener.log Command line argument: -Djava.util.logging.manager=org.apache.juli.ClassLoaderLogManager
13-Aug-2023 19:53:56.643 INFO [main] org.apache.catalina.startup.VersionLoggerListener.log Command line argument: -Djdk.tls.ephemeralDHKeySize=2048
13-Aug-2023 19:53:56.643 INFO [main] org.apache.catalina.startup.VersionLoggerListener.log Command line argument: -Djava.protocol.handler.pkgs=org.apache.catalina.webresources
13-Aug-2023 19:53:56.643 INFO [main] org.apache.catalina.startup.VersionLoggerListener.log Command line argument: -Dorg.apache.catalina.security.SecurityListener.UMASK=0027
13-Aug-2023 19:53:56.643 INFO [main] org.apache.catalina.startup.VersionLoggerListener.log Command line argument: -Dignore.endorsed.dirs=
13-Aug-2023 19:53:56.643 INFO [main] org.apache.catalina.startup.VersionLoggerListener.log Command line argument: -Dcatalina.base=/Users/pydiv/JAM/2023Aug/apache-tomcat-9.0.78
13-Aug-2023 19:53:56.643 INFO [main] org.apache.catalina.startup.VersionLoggerListener.log Command line argument: -Dcatalina.home=/Users/pydiv/JAM/2023Aug/apache-tomcat-9.0.78
13-Aug-2023 19:53:56.643 INFO [main] org.apache.catalina.startup.VersionLoggerListener.log Command line argument: -Djava.io.tmpdir=/Users/pydiv/JAM/2023Aug/apache-tomcat-9.0.78/temp
13-Aug-2023 19:53:56.657 INFO [main] org.apache.catalina.core.AprLifecycleListener.lifecycleEvent The Apache Tomcat Native library which allows using OpenSSL was not found on the java.library.path: [/Users/pydiv/Library/Java/Extensions:/Library/Java/Extensions:/Network/Library/Java/Extensions:/System/Library/Java/Extensions:/usr/lib/java:.]
13-Aug-2023 19:53:56.926 INFO [main] org.apache.coyote.AbstractProtocol.init Initializing ProtocolHandler ["http-nio-8080"]
13-Aug-2023 19:53:56.969 INFO [main] org.apache.catalina.startup.Catalina.load Server initialization in [568] milliseconds
13-Aug-2023 19:53:57.008 INFO [main] org.apache.catalina.core.StandardService.startInternal Starting service [Catalina]
13-Aug-2023 19:53:57.008 INFO [main] org.apache.catalina.core.StandardEngine.startInternal Starting Servlet engine: [Apache Tomcat/9.0.78]
13-Aug-2023 19:53:57.015 INFO [main] org.apache.catalina.startup.HostConfig.deployDirectory Deploying web application directory [/Users/pydiv/JAM/2023Aug/apache-tomcat-9.0.78/webapps/docs]
13-Aug-2023 19:53:57.239 INFO [main] org.apache.catalina.startup.HostConfig.deployDirectory Deployment of web application directory [/Users/pydiv/JAM/2023Aug/apache-tomcat-9.0.78/webapps/docs] has finished in [224] ms
13-Aug-2023 19:53:57.240 INFO [main] org.apache.catalina.startup.HostConfig.deployDirectory Deploying web application directory [/Users/pydiv/JAM/2023Aug/apache-tomcat-9.0.78/webapps/manager]
13-Aug-2023 19:53:57.269 INFO [main] org.apache.catalina.startup.HostConfig.deployDirectory Deployment of web application directory [/Users/pydiv/JAM/2023Aug/apache-tomcat-9.0.78/webapps/manager] has finished in [29] ms
13-Aug-2023 19:53:57.269 INFO [main] org.apache.catalina.startup.HostConfig.deployDirectory Deploying web application directory [/Users/pydiv/JAM/2023Aug/apache-tomcat-9.0.78/webapps/examples]
13-Aug-2023 19:53:57.510 INFO [main] org.apache.catalina.startup.HostConfig.deployDirectory Deployment of web application directory [/Users/pydiv/JAM/2023Aug/apache-tomcat-9.0.78/webapps/examples] has finished in [241] ms
13-Aug-2023 19:53:57.510 INFO [main] org.apache.catalina.startup.HostConfig.deployDirectory Deploying web application directory [/Users/pydiv/JAM/2023Aug/apache-tomcat-9.0.78/webapps/ROOT]
13-Aug-2023 19:53:57.526 INFO [main] org.apache.catalina.startup.HostConfig.deployDirectory Deployment of web application directory [/Users/pydiv/JAM/2023Aug/apache-tomcat-9.0.78/webapps/ROOT] has finished in [15] ms
13-Aug-2023 19:53:57.526 INFO [main] org.apache.catalina.startup.HostConfig.deployDirectory Deploying web application directory [/Users/pydiv/JAM/2023Aug/apache-tomcat-9.0.78/webapps/host-manager]
13-Aug-2023 19:53:57.545 INFO [main] org.apache.catalina.startup.HostConfig.deployDirectory Deployment of web application directory [/Users/pydiv/JAM/2023Aug/apache-tomcat-9.0.78/webapps/host-manager] has finished in [19] ms
13-Aug-2023 19:53:57.547 INFO [main] org.apache.coyote.AbstractProtocol.start Starting ProtocolHandler ["http-nio-8080"]
13-Aug-2023 19:53:57.559 INFO [main] org.apache.catalina.startup.Catalina.start Server startup in [588] milliseconds
13-Aug-2023 19:56:47.621 INFO [Catalina-utility-1] org.apache.catalina.users.MemoryUserDatabase.backgroundProcess Reloading memory user database [UserDatabase] from updated source [file:/Users/pydiv/JAM/2023Aug/apache-tomcat-9.0.78/conf/tomcat-users.xml]
13-Aug-2023 19:56:47.633 SEVERE [Catalina-utility-1] org.apache.tomcat.util.digester.Digester.fatalError Parse fatal error at line [58] column [37]
	org.xml.sax.SAXParseException; lineNumber: 58; columnNumber: 37; The value of attribute "password" associated with an element type "user" must not contain the '<' character.
		at java.xml/com.sun.org.apache.xerces.internal.util.ErrorHandlerWrapper.createSAXParseException(ErrorHandlerWrapper.java:204)
		at java.xml/com.sun.org.apache.xerces.internal.util.ErrorHandlerWrapper.fatalError(ErrorHandlerWrapper.java:178)
		at java.xml/com.sun.org.apache.xerces.internal.impl.XMLErrorReporter.reportError(XMLErrorReporter.java:400)
		at java.xml/com.sun.org.apache.xerces.internal.impl.XMLErrorReporter.reportError(XMLErrorReporter.java:327)
		at java.xml/com.sun.org.apache.xerces.internal.impl.XMLScanner.reportFatalError(XMLScanner.java:1465)
		at java.xml/com.sun.org.apache.xerces.internal.impl.XMLScanner.scanAttributeValue(XMLScanner.java:943)
		at java.xml/com.sun.org.apache.xerces.internal.impl.XMLDocumentFragmentScannerImpl.scanAttribute(XMLDocumentFragmentScannerImpl.java:1522)
		at java.xml/com.sun.org.apache.xerces.internal.impl.XMLDocumentFragmentScannerImpl.scanStartElement(XMLDocumentFragmentScannerImpl.java:1363)
		at java.xml/com.sun.org.apache.xerces.internal.impl.XMLDocumentFragmentScannerImpl$FragmentContentDriver.next(XMLDocumentFragmentScannerImpl.java:2726)
		at java.xml/com.sun.org.apache.xerces.internal.impl.XMLDocumentScannerImpl.next(XMLDocumentScannerImpl.java:605)
		at java.xml/com.sun.org.apache.xerces.internal.impl.XMLDocumentFragmentScannerImpl.scanDocument(XMLDocumentFragmentScannerImpl.java:542)
		at java.xml/com.sun.org.apache.xerces.internal.parsers.XML11Configuration.parse(XML11Configuration.java:889)
		at java.xml/com.sun.org.apache.xerces.internal.parsers.XML11Configuration.parse(XML11Configuration.java:825)
		at java.xml/com.sun.org.apache.xerces.internal.parsers.XMLParser.parse(XMLParser.java:141)
		at java.xml/com.sun.org.apache.xerces.internal.parsers.AbstractSAXParser.parse(AbstractSAXParser.java:1224)
		at java.xml/com.sun.org.apache.xerces.internal.jaxp.SAXParserImpl$JAXPSAXParser.parse(SAXParserImpl.java:637)
		at org.apache.tomcat.util.digester.Digester.parse(Digester.java:1552)
		at org.apache.catalina.users.MemoryUserDatabase.open(MemoryUserDatabase.java:447)
		at org.apache.catalina.users.MemoryUserDatabase.backgroundProcess(MemoryUserDatabase.java:741)
		at org.apache.catalina.realm.UserDatabaseRealm.backgroundProcess(UserDatabaseRealm.java:142)
		at org.apache.catalina.realm.CombinedRealm.backgroundProcess(CombinedRealm.java:245)
		at org.apache.catalina.core.ContainerBase.backgroundProcess(ContainerBase.java:1084)
		at org.apache.catalina.core.ContainerBase$ContainerBackgroundProcessor.processChildren(ContainerBase.java:1297)
		at org.apache.catalina.core.ContainerBase$ContainerBackgroundProcessor.run(ContainerBase.java:1279)
		at java.base/java.util.concurrent.Executors$RunnableAdapter.call(Executors.java:539)
		at java.base/java.util.concurrent.FutureTask.runAndReset(FutureTask.java:305)
		at java.base/java.util.concurrent.ScheduledThreadPoolExecutor$ScheduledFutureTask.run(ScheduledThreadPoolExecutor.java:305)
		at java.base/java.util.concurrent.ThreadPoolExecutor.runWorker(ThreadPoolExecutor.java:1136)
		at java.base/java.util.concurrent.ThreadPoolExecutor$Worker.run(ThreadPoolExecutor.java:635)
		at org.apache.tomcat.util.threads.TaskThread$WrappingRunnable.run(TaskThread.java:61)
		at java.base/java.lang.Thread.run(Thread.java:833)
13-Aug-2023 19:56:47.636 SEVERE [Catalina-utility-1] org.apache.catalina.users.MemoryUserDatabase.backgroundProcess Error reloading memory user database [UserDatabase] from updated source [file:/Users/pydiv/JAM/2023Aug/apache-tomcat-9.0.78/conf/tomcat-users.xml]
	org.xml.sax.SAXParseException; lineNumber: 58; columnNumber: 37; The value of attribute "password" associated with an element type "user" must not contain the '<' character.
		at java.xml/com.sun.org.apache.xerces.internal.parsers.AbstractSAXParser.parse(AbstractSAXParser.java:1251)
		at java.xml/com.sun.org.apache.xerces.internal.jaxp.SAXParserImpl$JAXPSAXParser.parse(SAXParserImpl.java:637)
		at org.apache.tomcat.util.digester.Digester.parse(Digester.java:1552)
		at org.apache.catalina.users.MemoryUserDatabase.open(MemoryUserDatabase.java:447)
		at org.apache.catalina.users.MemoryUserDatabase.backgroundProcess(MemoryUserDatabase.java:741)
		at org.apache.catalina.realm.UserDatabaseRealm.backgroundProcess(UserDatabaseRealm.java:142)
		at org.apache.catalina.realm.CombinedRealm.backgroundProcess(CombinedRealm.java:245)
		at org.apache.catalina.core.ContainerBase.backgroundProcess(ContainerBase.java:1084)
		at org.apache.catalina.core.ContainerBase$ContainerBackgroundProcessor.processChildren(ContainerBase.java:1297)
		at org.apache.catalina.core.ContainerBase$ContainerBackgroundProcessor.run(ContainerBase.java:1279)
		at java.base/java.util.concurrent.Executors$RunnableAdapter.call(Executors.java:539)
		at java.base/java.util.concurrent.FutureTask.runAndReset(FutureTask.java:305)
		at java.base/java.util.concurrent.ScheduledThreadPoolExecutor$ScheduledFutureTask.run(ScheduledThreadPoolExecutor.java:305)
		at java.base/java.util.concurrent.ThreadPoolExecutor.runWorker(ThreadPoolExecutor.java:1136)
		at java.base/java.util.concurrent.ThreadPoolExecutor$Worker.run(ThreadPoolExecutor.java:635)
		at org.apache.tomcat.util.threads.TaskThread$WrappingRunnable.run(TaskThread.java:61)
		at java.base/java.lang.Thread.run(Thread.java:833)
13-Aug-2023 19:57:17.651 INFO [Catalina-utility-1] org.apache.catalina.users.MemoryUserDatabase.backgroundProcess Reloading memory user database [UserDatabase] from updated source [file:/Users/pydiv/JAM/2023Aug/apache-tomcat-9.0.78/conf/tomcat-users.xml]
13-Aug-2023 19:57:35.820 INFO [main] org.apache.catalina.core.StandardServer.await A valid shutdown command was received via the shutdown port. Stopping the Server instance.
13-Aug-2023 19:57:35.822 INFO [main] org.apache.coyote.AbstractProtocol.pause Pausing ProtocolHandler ["http-nio-8080"]
13-Aug-2023 19:57:35.827 INFO [main] org.apache.catalina.core.StandardService.stopInternal Stopping service [Catalina]
13-Aug-2023 19:57:35.857 INFO [main] org.apache.coyote.AbstractProtocol.stop Stopping ProtocolHandler ["http-nio-8080"]
13-Aug-2023 19:57:35.865 INFO [main] org.apache.coyote.AbstractProtocol.destroy Destroying ProtocolHandler ["http-nio-8080"]
13-Aug-2023 19:57:40.778 INFO [main] org.apache.catalina.startup.VersionLoggerListener.log Server version name:   Apache Tomcat/9.0.78
13-Aug-2023 19:57:40.781 INFO [main] org.apache.catalina.startup.VersionLoggerListener.log Server built:          Jul 4 2023 13:15:43 UTC
13-Aug-2023 19:57:40.781 INFO [main] org.apache.catalina.startup.VersionLoggerListener.log Server version number: 9.0.78.0
13-Aug-2023 19:57:40.781 INFO [main] org.apache.catalina.startup.VersionLoggerListener.log OS Name:               Mac OS X
13-Aug-2023 19:57:40.781 INFO [main] org.apache.catalina.startup.VersionLoggerListener.log OS Version:            13.5
13-Aug-2023 19:57:40.781 INFO [main] org.apache.catalina.startup.VersionLoggerListener.log Architecture:          x86_64
13-Aug-2023 19:57:40.782 INFO [main] org.apache.catalina.startup.VersionLoggerListener.log Java Home:             /Library/Java/JavaVirtualMachines/temurin-17.jdk/Contents/Home
13-Aug-2023 19:57:40.782 INFO [main] org.apache.catalina.startup.VersionLoggerListener.log JVM Version:           17.0.8+7
13-Aug-2023 19:57:40.782 INFO [main] org.apache.catalina.startup.VersionLoggerListener.log JVM Vendor:            Eclipse Adoptium
13-Aug-2023 19:57:40.782 INFO [main] org.apache.catalina.startup.VersionLoggerListener.log CATALINA_BASE:         /Users/pydiv/JAM/2023Aug/apache-tomcat-9.0.78
13-Aug-2023 19:57:40.782 INFO [main] org.apache.catalina.startup.VersionLoggerListener.log CATALINA_HOME:         /Users/pydiv/JAM/2023Aug/apache-tomcat-9.0.78
13-Aug-2023 19:57:40.792 INFO [main] org.apache.catalina.startup.VersionLoggerListener.log Command line argument: --add-opens=java.base/java.lang=ALL-UNNAMED
13-Aug-2023 19:57:40.792 INFO [main] org.apache.catalina.startup.VersionLoggerListener.log Command line argument: --add-opens=java.base/java.io=ALL-UNNAMED
13-Aug-2023 19:57:40.792 INFO [main] org.apache.catalina.startup.VersionLoggerListener.log Command line argument: --add-opens=java.base/java.util=ALL-UNNAMED
13-Aug-2023 19:57:40.792 INFO [main] org.apache.catalina.startup.VersionLoggerListener.log Command line argument: --add-opens=java.base/java.util.concurrent=ALL-UNNAMED
13-Aug-2023 19:57:40.793 INFO [main] org.apache.catalina.startup.VersionLoggerListener.log Command line argument: --add-opens=java.rmi/sun.rmi.transport=ALL-UNNAMED
13-Aug-2023 19:57:40.793 INFO [main] org.apache.catalina.startup.VersionLoggerListener.log Command line argument: -Djava.util.logging.config.file=/Users/pydiv/JAM/2023Aug/apache-tomcat-9.0.78/conf/logging.properties
13-Aug-2023 19:57:40.793 INFO [main] org.apache.catalina.startup.VersionLoggerListener.log Command line argument: -Djava.util.logging.manager=org.apache.juli.ClassLoaderLogManager
13-Aug-2023 19:57:40.793 INFO [main] org.apache.catalina.startup.VersionLoggerListener.log Command line argument: -Djdk.tls.ephemeralDHKeySize=2048
13-Aug-2023 19:57:40.793 INFO [main] org.apache.catalina.startup.VersionLoggerListener.log Command line argument: -Djava.protocol.handler.pkgs=org.apache.catalina.webresources
13-Aug-2023 19:57:40.793 INFO [main] org.apache.catalina.startup.VersionLoggerListener.log Command line argument: -Dorg.apache.catalina.security.SecurityListener.UMASK=0027
13-Aug-2023 19:57:40.793 INFO [main] org.apache.catalina.startup.VersionLoggerListener.log Command line argument: -Dignore.endorsed.dirs=
13-Aug-2023 19:57:40.793 INFO [main] org.apache.catalina.startup.VersionLoggerListener.log Command line argument: -Dcatalina.base=/Users/pydiv/JAM/2023Aug/apache-tomcat-9.0.78
13-Aug-2023 19:57:40.793 INFO [main] org.apache.catalina.startup.VersionLoggerListener.log Command line argument: -Dcatalina.home=/Users/pydiv/JAM/2023Aug/apache-tomcat-9.0.78
13-Aug-2023 19:57:40.793 INFO [main] org.apache.catalina.startup.VersionLoggerListener.log Command line argument: -Djava.io.tmpdir=/Users/pydiv/JAM/2023Aug/apache-tomcat-9.0.78/temp
13-Aug-2023 19:57:40.807 INFO [main] org.apache.catalina.core.AprLifecycleListener.lifecycleEvent The Apache Tomcat Native library which allows using OpenSSL was not found on the java.library.path: [/Users/pydiv/Library/Java/Extensions:/Library/Java/Extensions:/Network/Library/Java/Extensions:/System/Library/Java/Extensions:/usr/lib/java:.]
13-Aug-2023 19:57:41.017 INFO [main] org.apache.coyote.AbstractProtocol.init Initializing ProtocolHandler ["http-nio-8080"]
13-Aug-2023 19:57:41.039 INFO [main] org.apache.catalina.startup.Catalina.load Server initialization in [398] milliseconds
13-Aug-2023 19:57:41.069 INFO [main] org.apache.catalina.core.StandardService.startInternal Starting service [Catalina]
13-Aug-2023 19:57:41.070 INFO [main] org.apache.catalina.core.StandardEngine.startInternal Starting Servlet engine: [Apache Tomcat/9.0.78]
13-Aug-2023 19:57:41.076 INFO [main] org.apache.catalina.startup.HostConfig.deployDirectory Deploying web application directory [/Users/pydiv/JAM/2023Aug/apache-tomcat-9.0.78/webapps/docs]
13-Aug-2023 19:57:41.271 INFO [main] org.apache.catalina.startup.HostConfig.deployDirectory Deployment of web application directory [/Users/pydiv/JAM/2023Aug/apache-tomcat-9.0.78/webapps/docs] has finished in [195] ms
13-Aug-2023 19:57:41.272 INFO [main] org.apache.catalina.startup.HostConfig.deployDirectory Deploying web application directory [/Users/pydiv/JAM/2023Aug/apache-tomcat-9.0.78/webapps/manager]
13-Aug-2023 19:57:41.302 INFO [main] org.apache.catalina.startup.HostConfig.deployDirectory Deployment of web application directory [/Users/pydiv/JAM/2023Aug/apache-tomcat-9.0.78/webapps/manager] has finished in [30] ms
13-Aug-2023 19:57:41.302 INFO [main] org.apache.catalina.startup.HostConfig.deployDirectory Deploying web application directory [/Users/pydiv/JAM/2023Aug/apache-tomcat-9.0.78/webapps/examples]
13-Aug-2023 19:57:41.622 INFO [main] org.apache.catalina.startup.HostConfig.deployDirectory Deployment of web application directory [/Users/pydiv/JAM/2023Aug/apache-tomcat-9.0.78/webapps/examples] has finished in [320] ms
13-Aug-2023 19:57:41.622 INFO [main] org.apache.catalina.startup.HostConfig.deployDirectory Deploying web application directory [/Users/pydiv/JAM/2023Aug/apache-tomcat-9.0.78/webapps/ROOT]
13-Aug-2023 19:57:41.640 INFO [main] org.apache.catalina.startup.HostConfig.deployDirectory Deployment of web application directory [/Users/pydiv/JAM/2023Aug/apache-tomcat-9.0.78/webapps/ROOT] has finished in [18] ms
13-Aug-2023 19:57:41.640 INFO [main] org.apache.catalina.startup.HostConfig.deployDirectory Deploying web application directory [/Users/pydiv/JAM/2023Aug/apache-tomcat-9.0.78/webapps/host-manager]
13-Aug-2023 19:57:41.659 INFO [main] org.apache.catalina.startup.HostConfig.deployDirectory Deployment of web application directory [/Users/pydiv/JAM/2023Aug/apache-tomcat-9.0.78/webapps/host-manager] has finished in [19] ms
13-Aug-2023 19:57:41.663 INFO [main] org.apache.coyote.AbstractProtocol.start Starting ProtocolHandler ["http-nio-8080"]
13-Aug-2023 19:57:41.673 INFO [main] org.apache.catalina.startup.Catalina.start Server startup in [633] milliseconds
13-Aug-2023 22:37:24.502 INFO [main] org.apache.catalina.startup.VersionLoggerListener.log Server version name:   Apache Tomcat/9.0.78
13-Aug-2023 22:37:24.505 INFO [main] org.apache.catalina.startup.VersionLoggerListener.log Server built:          Jul 4 2023 13:15:43 UTC
13-Aug-2023 22:37:24.506 INFO [main] org.apache.catalina.startup.VersionLoggerListener.log Server version number: 9.0.78.0
13-Aug-2023 22:37:24.506 INFO [main] org.apache.catalina.startup.VersionLoggerListener.log OS Name:               Mac OS X
13-Aug-2023 22:37:24.506 INFO [main] org.apache.catalina.startup.VersionLoggerListener.log OS Version:            13.5
13-Aug-2023 22:37:24.506 INFO [main] org.apache.catalina.startup.VersionLoggerListener.log Architecture:          x86_64
13-Aug-2023 22:37:24.506 INFO [main] org.apache.catalina.startup.VersionLoggerListener.log Java Home:             /Library/Java/JavaVirtualMachines/temurin-17.jdk/Contents/Home
13-Aug-2023 22:37:24.506 INFO [main] org.apache.catalina.startup.VersionLoggerListener.log JVM Version:           17.0.8+7
13-Aug-2023 22:37:24.507 INFO [main] org.apache.catalina.startup.VersionLoggerListener.log JVM Vendor:            Eclipse Adoptium
13-Aug-2023 22:37:24.507 INFO [main] org.apache.catalina.startup.VersionLoggerListener.log CATALINA_BASE:         /Users/pydiv/JAM/2023Aug/apache-tomcat-9.0.78
13-Aug-2023 22:37:24.507 INFO [main] org.apache.catalina.startup.VersionLoggerListener.log CATALINA_HOME:         /Users/pydiv/JAM/2023Aug/apache-tomcat-9.0.78
13-Aug-2023 22:37:24.531 INFO [main] org.apache.catalina.startup.VersionLoggerListener.log Command line argument: -Djava.util.logging.config.file=/Users/pydiv/JAM/2023Aug/apache-tomcat-9.0.78/conf/logging.properties
13-Aug-2023 22:37:24.531 INFO [main] org.apache.catalina.startup.VersionLoggerListener.log Command line argument: -Djava.util.logging.manager=org.apache.juli.ClassLoaderLogManager
13-Aug-2023 22:37:24.531 INFO [main] org.apache.catalina.startup.VersionLoggerListener.log Command line argument: -Djdk.tls.ephemeralDHKeySize=2048
13-Aug-2023 22:37:24.531 INFO [main] org.apache.catalina.startup.VersionLoggerListener.log Command line argument: -Djava.protocol.handler.pkgs=org.apache.catalina.webresources
13-Aug-2023 22:37:24.532 INFO [main] org.apache.catalina.startup.VersionLoggerListener.log Command line argument: -Dorg.apache.catalina.security.SecurityListener.UMASK=0027
13-Aug-2023 22:37:24.532 INFO [main] org.apache.catalina.startup.VersionLoggerListener.log Command line argument: -Dcatalina.base=/Users/pydiv/JAM/2023Aug/apache-tomcat-9.0.78
13-Aug-2023 22:37:24.532 INFO [main] org.apache.catalina.startup.VersionLoggerListener.log Command line argument: -Dcatalina.home=/Users/pydiv/JAM/2023Aug/apache-tomcat-9.0.78
13-Aug-2023 22:37:24.532 INFO [main] org.apache.catalina.startup.VersionLoggerListener.log Command line argument: -Djava.io.tmpdir=/Users/pydiv/JAM/2023Aug/apache-tomcat-9.0.78/temp
13-Aug-2023 22:37:24.561 INFO [main] org.apache.catalina.core.AprLifecycleListener.lifecycleEvent The Apache Tomcat Native library which allows using OpenSSL was not found on the java.library.path: [/Users/pydiv/Library/Java/Extensions:/Library/Java/Extensions:/Network/Library/Java/Extensions:/System/Library/Java/Extensions:/usr/lib/java:.]
13-Aug-2023 22:37:24.841 INFO [main] org.apache.coyote.AbstractProtocol.init Initializing ProtocolHandler ["http-nio-8080"]
13-Aug-2023 22:37:24.861 SEVERE [main] org.apache.catalina.util.LifecycleBase.handleSubClassException Failed to initialize component [Connector[HTTP/1.1-8080]]
	org.apache.catalina.LifecycleException: Protocol handler initialization failed
		at org.apache.catalina.connector.Connector.initInternal(Connector.java:1011)
		at org.apache.catalina.util.LifecycleBase.init(LifecycleBase.java:136)
		at org.apache.catalina.core.StandardService.initInternal(StandardService.java:549)
		at org.apache.catalina.util.LifecycleBase.init(LifecycleBase.java:136)
		at org.apache.catalina.core.StandardServer.initInternal(StandardServer.java:1040)
		at org.apache.catalina.util.LifecycleBase.init(LifecycleBase.java:136)
		at org.apache.catalina.startup.Catalina.load(Catalina.java:724)
		at org.apache.catalina.startup.Catalina.load(Catalina.java:746)
		at java.base/jdk.internal.reflect.NativeMethodAccessorImpl.invoke0(Native Method)
		at java.base/jdk.internal.reflect.NativeMethodAccessorImpl.invoke(NativeMethodAccessorImpl.java:77)
		at java.base/jdk.internal.reflect.DelegatingMethodAccessorImpl.invoke(DelegatingMethodAccessorImpl.java:43)
		at java.base/java.lang.reflect.Method.invoke(Method.java:568)
		at org.apache.catalina.startup.Bootstrap.load(Bootstrap.java:307)
		at org.apache.catalina.startup.Bootstrap.main(Bootstrap.java:477)
	Caused by: java.net.BindException: Address already in use
		at java.base/sun.nio.ch.Net.bind0(Native Method)
		at java.base/sun.nio.ch.Net.bind(Net.java:555)
		at java.base/sun.nio.ch.ServerSocketChannelImpl.netBind(ServerSocketChannelImpl.java:337)
		at java.base/sun.nio.ch.ServerSocketChannelImpl.bind(ServerSocketChannelImpl.java:294)
		at org.apache.tomcat.util.net.NioEndpoint.initServerSocket(NioEndpoint.java:276)
		at org.apache.tomcat.util.net.NioEndpoint.bind(NioEndpoint.java:231)
		at org.apache.tomcat.util.net.AbstractEndpoint.bindWithCleanup(AbstractEndpoint.java:1324)
		at org.apache.tomcat.util.net.AbstractEndpoint.init(AbstractEndpoint.java:1337)
		at org.apache.coyote.AbstractProtocol.init(AbstractProtocol.java:652)
		at org.apache.coyote.http11.AbstractHttp11Protocol.init(AbstractHttp11Protocol.java:75)
		at org.apache.catalina.connector.Connector.initInternal(Connector.java:1009)
		... 13 more
13-Aug-2023 22:37:24.861 INFO [main] org.apache.catalina.startup.Catalina.load Server initialization in [530] milliseconds
13-Aug-2023 22:37:24.911 INFO [main] org.apache.catalina.core.StandardService.startInternal Starting service [Catalina]
13-Aug-2023 22:37:24.911 INFO [main] org.apache.catalina.core.StandardEngine.startInternal Starting Servlet engine: [Apache Tomcat/9.0.78]
13-Aug-2023 22:37:24.921 INFO [main] org.apache.catalina.startup.HostConfig.deployDirectory Deploying web application directory [/Users/pydiv/JAM/2023Aug/apache-tomcat-9.0.78/webapps/docs]
13-Aug-2023 22:37:25.177 INFO [main] org.apache.catalina.startup.HostConfig.deployDirectory Deployment of web application directory [/Users/pydiv/JAM/2023Aug/apache-tomcat-9.0.78/webapps/docs] has finished in [255] ms
13-Aug-2023 22:37:25.177 INFO [main] org.apache.catalina.startup.HostConfig.deployDirectory Deploying web application directory [/Users/pydiv/JAM/2023Aug/apache-tomcat-9.0.78/webapps/manager]
13-Aug-2023 22:37:25.311 INFO [main] org.apache.catalina.startup.HostConfig.deployDirectory Deployment of web application directory [/Users/pydiv/JAM/2023Aug/apache-tomcat-9.0.78/webapps/manager] has finished in [134] ms
13-Aug-2023 22:37:25.312 INFO [main] org.apache.catalina.startup.HostConfig.deployDirectory Deploying web application directory [/Users/pydiv/JAM/2023Aug/apache-tomcat-9.0.78/webapps/examples]
13-Aug-2023 22:37:25.583 INFO [main] org.apache.catalina.startup.HostConfig.deployDirectory Deployment of web application directory [/Users/pydiv/JAM/2023Aug/apache-tomcat-9.0.78/webapps/examples] has finished in [271] ms
13-Aug-2023 22:37:25.583 INFO [main] org.apache.catalina.startup.HostConfig.deployDirectory Deploying web application directory [/Users/pydiv/JAM/2023Aug/apache-tomcat-9.0.78/webapps/ROOT]
13-Aug-2023 22:37:25.609 INFO [main] org.apache.catalina.startup.HostConfig.deployDirectory Deployment of web application directory [/Users/pydiv/JAM/2023Aug/apache-tomcat-9.0.78/webapps/ROOT] has finished in [25] ms
13-Aug-2023 22:37:25.609 INFO [main] org.apache.catalina.startup.HostConfig.deployDirectory Deploying web application directory [/Users/pydiv/JAM/2023Aug/apache-tomcat-9.0.78/webapps/host-manager]
13-Aug-2023 22:37:25.647 INFO [main] org.apache.catalina.startup.HostConfig.deployDirectory Deployment of web application directory [/Users/pydiv/JAM/2023Aug/apache-tomcat-9.0.78/webapps/host-manager] has finished in [37] ms
13-Aug-2023 22:37:25.652 INFO [main] org.apache.catalina.startup.Catalina.start Server startup in [790] milliseconds
13-Aug-2023 22:37:25.658 SEVERE [main] org.apache.catalina.core.StandardServer.await Failed to create server shutdown socket on address [localhost] and port [8005] (base port [8005] and offset [0])
	java.net.BindException: Address already in use
		at java.base/sun.nio.ch.Net.bind0(Native Method)
		at java.base/sun.nio.ch.Net.bind(Net.java:555)
		at java.base/sun.nio.ch.Net.bind(Net.java:544)
		at java.base/sun.nio.ch.NioSocketImpl.bind(NioSocketImpl.java:648)
		at java.base/java.net.ServerSocket.bind(ServerSocket.java:388)
		at java.base/java.net.ServerSocket.<init>(ServerSocket.java:274)
		at org.apache.catalina.core.StandardServer.await(StandardServer.java:582)
		at org.apache.catalina.startup.Catalina.await(Catalina.java:864)
		at org.apache.catalina.startup.Catalina.start(Catalina.java:810)
		at java.base/jdk.internal.reflect.NativeMethodAccessorImpl.invoke0(Native Method)
		at java.base/jdk.internal.reflect.NativeMethodAccessorImpl.invoke(NativeMethodAccessorImpl.java:77)
		at java.base/jdk.internal.reflect.DelegatingMethodAccessorImpl.invoke(DelegatingMethodAccessorImpl.java:43)
		at java.base/java.lang.reflect.Method.invoke(Method.java:568)
		at org.apache.catalina.startup.Bootstrap.start(Bootstrap.java:347)
		at org.apache.catalina.startup.Bootstrap.main(Bootstrap.java:478)
13-Aug-2023 22:37:25.660 INFO [main] org.apache.coyote.AbstractProtocol.pause Pausing ProtocolHandler ["http-nio-8080"]
13-Aug-2023 22:37:25.660 INFO [main] org.apache.catalina.core.StandardService.stopInternal Stopping service [Catalina]
13-Aug-2023 22:37:25.669 WARNING [main] org.apache.catalina.loader.WebappClassLoaderBase.clearReferencesObjectStreamClassCaches When running on Java 9 or later you need to add "--add-opens=java.base/java.io=ALL-UNNAMED" to the JVM command line arguments to enable ObjectStream cache memory leak protection. Alternatively, you can suppress this warning by disabling ObjectStream class cache memory leak protection.
13-Aug-2023 22:37:25.671 WARNING [main] org.apache.catalina.loader.WebappClassLoaderBase.checkThreadLocalsForLeaks When running on Java 9 or later you need to add "--add-opens=java.base/java.lang=ALL-UNNAMED" to the JVM command line arguments to enable ThreadLocal memory leak detection. Alternatively, you can suppress this warning by disabling ThreadLocal memory leak detection.
13-Aug-2023 22:37:25.673 WARNING [main] org.apache.catalina.loader.WebappClassLoaderBase.clearReferencesRmiTargets When running on Java 9 or later you need to add "--add-opens=java.rmi/sun.rmi.transport=ALL-UNNAMED" to the JVM command line arguments to enable RMI Target memory leak detection. Alternatively, you can suppress this warning by disabling RMI Target memory leak detection.
13-Aug-2023 22:37:25.695 WARNING [main] org.apache.catalina.loader.WebappClassLoaderBase.clearReferencesObjectStreamClassCaches When running on Java 9 or later you need to add "--add-opens=java.base/java.io=ALL-UNNAMED" to the JVM command line arguments to enable ObjectStream cache memory leak protection. Alternatively, you can suppress this warning by disabling ObjectStream class cache memory leak protection.
13-Aug-2023 22:37:25.695 WARNING [main] org.apache.catalina.loader.WebappClassLoaderBase.checkThreadLocalsForLeaks When running on Java 9 or later you need to add "--add-opens=java.base/java.lang=ALL-UNNAMED" to the JVM command line arguments to enable ThreadLocal memory leak detection. Alternatively, you can suppress this warning by disabling ThreadLocal memory leak detection.
13-Aug-2023 22:37:25.696 WARNING [main] org.apache.catalina.loader.WebappClassLoaderBase.clearReferencesRmiTargets When running on Java 9 or later you need to add "--add-opens=java.rmi/sun.rmi.transport=ALL-UNNAMED" to the JVM command line arguments to enable RMI Target memory leak detection. Alternatively, you can suppress this warning by disabling RMI Target memory leak detection.
13-Aug-2023 22:37:25.701 WARNING [main] org.apache.catalina.loader.WebappClassLoaderBase.clearReferencesObjectStreamClassCaches When running on Java 9 or later you need to add "--add-opens=java.base/java.io=ALL-UNNAMED" to the JVM command line arguments to enable ObjectStream cache memory leak protection. Alternatively, you can suppress this warning by disabling ObjectStream class cache memory leak protection.
13-Aug-2023 22:37:25.701 WARNING [main] org.apache.catalina.loader.WebappClassLoaderBase.checkThreadLocalsForLeaks When running on Java 9 or later you need to add "--add-opens=java.base/java.lang=ALL-UNNAMED" to the JVM command line arguments to enable ThreadLocal memory leak detection. Alternatively, you can suppress this warning by disabling ThreadLocal memory leak detection.
13-Aug-2023 22:37:25.701 WARNING [main] org.apache.catalina.loader.WebappClassLoaderBase.clearReferencesRmiTargets When running on Java 9 or later you need to add "--add-opens=java.rmi/sun.rmi.transport=ALL-UNNAMED" to the JVM command line arguments to enable RMI Target memory leak detection. Alternatively, you can suppress this warning by disabling RMI Target memory leak detection.
13-Aug-2023 22:37:25.705 WARNING [main] org.apache.catalina.loader.WebappClassLoaderBase.clearReferencesObjectStreamClassCaches When running on Java 9 or later you need to add "--add-opens=java.base/java.io=ALL-UNNAMED" to the JVM command line arguments to enable ObjectStream cache memory leak protection. Alternatively, you can suppress this warning by disabling ObjectStream class cache memory leak protection.
13-Aug-2023 22:37:25.705 WARNING [main] org.apache.catalina.loader.WebappClassLoaderBase.checkThreadLocalsForLeaks When running on Java 9 or later you need to add "--add-opens=java.base/java.lang=ALL-UNNAMED" to the JVM command line arguments to enable ThreadLocal memory leak detection. Alternatively, you can suppress this warning by disabling ThreadLocal memory leak detection.
13-Aug-2023 22:37:25.705 WARNING [main] org.apache.catalina.loader.WebappClassLoaderBase.clearReferencesRmiTargets When running on Java 9 or later you need to add "--add-opens=java.rmi/sun.rmi.transport=ALL-UNNAMED" to the JVM command line arguments to enable RMI Target memory leak detection. Alternatively, you can suppress this warning by disabling RMI Target memory leak detection.
13-Aug-2023 22:37:25.708 WARNING [main] org.apache.catalina.loader.WebappClassLoaderBase.clearReferencesObjectStreamClassCaches When running on Java 9 or later you need to add "--add-opens=java.base/java.io=ALL-UNNAMED" to the JVM command line arguments to enable ObjectStream cache memory leak protection. Alternatively, you can suppress this warning by disabling ObjectStream class cache memory leak protection.
13-Aug-2023 22:37:25.709 WARNING [main] org.apache.catalina.loader.WebappClassLoaderBase.checkThreadLocalsForLeaks When running on Java 9 or later you need to add "--add-opens=java.base/java.lang=ALL-UNNAMED" to the JVM command line arguments to enable ThreadLocal memory leak detection. Alternatively, you can suppress this warning by disabling ThreadLocal memory leak detection.
13-Aug-2023 22:37:25.709 WARNING [main] org.apache.catalina.loader.WebappClassLoaderBase.clearReferencesRmiTargets When running on Java 9 or later you need to add "--add-opens=java.rmi/sun.rmi.transport=ALL-UNNAMED" to the JVM command line arguments to enable RMI Target memory leak detection. Alternatively, you can suppress this warning by disabling RMI Target memory leak detection.
13-Aug-2023 22:37:25.710 INFO [main] org.apache.coyote.AbstractProtocol.stop Stopping ProtocolHandler ["http-nio-8080"]
13-Aug-2023 22:37:25.712 INFO [main] org.apache.coyote.AbstractProtocol.destroy Destroying ProtocolHandler ["http-nio-8080"]
13-Aug-2023 22:58:43.641 INFO [main] org.apache.catalina.core.StandardServer.await A valid shutdown command was received via the shutdown port. Stopping the Server instance.
13-Aug-2023 22:58:43.662 INFO [main] org.apache.coyote.AbstractProtocol.pause Pausing ProtocolHandler ["http-nio-8080"]
13-Aug-2023 22:58:43.703 INFO [main] org.apache.catalina.core.StandardService.stopInternal Stopping service [Catalina]
13-Aug-2023 22:58:43.803 INFO [main] org.apache.coyote.AbstractProtocol.stop Stopping ProtocolHandler ["http-nio-8080"]
13-Aug-2023 22:58:43.823 INFO [main] org.apache.coyote.AbstractProtocol.destroy Destroying ProtocolHandler ["http-nio-8080"]
13-Aug-2023 22:59:37.854 INFO [main] org.apache.catalina.startup.VersionLoggerListener.log Server version name:   Apache Tomcat/9.0.78
13-Aug-2023 22:59:37.857 INFO [main] org.apache.catalina.startup.VersionLoggerListener.log Server built:          Jul 4 2023 13:15:43 UTC
13-Aug-2023 22:59:37.857 INFO [main] org.apache.catalina.startup.VersionLoggerListener.log Server version number: 9.0.78.0
13-Aug-2023 22:59:37.858 INFO [main] org.apache.catalina.startup.VersionLoggerListener.log OS Name:               Mac OS X
13-Aug-2023 22:59:37.858 INFO [main] org.apache.catalina.startup.VersionLoggerListener.log OS Version:            13.5
13-Aug-2023 22:59:37.858 INFO [main] org.apache.catalina.startup.VersionLoggerListener.log Architecture:          x86_64
13-Aug-2023 22:59:37.858 INFO [main] org.apache.catalina.startup.VersionLoggerListener.log Java Home:             /Library/Java/JavaVirtualMachines/temurin-17.jdk/Contents/Home
13-Aug-2023 22:59:37.858 INFO [main] org.apache.catalina.startup.VersionLoggerListener.log JVM Version:           17.0.8+7
13-Aug-2023 22:59:37.858 INFO [main] org.apache.catalina.startup.VersionLoggerListener.log JVM Vendor:            Eclipse Adoptium
13-Aug-2023 22:59:37.858 INFO [main] org.apache.catalina.startup.VersionLoggerListener.log CATALINA_BASE:         /Users/pydiv/JAM/2023Aug/apache-tomcat-9.0.78
13-Aug-2023 22:59:37.859 INFO [main] org.apache.catalina.startup.VersionLoggerListener.log CATALINA_HOME:         /Users/pydiv/JAM/2023Aug/apache-tomcat-9.0.78
13-Aug-2023 22:59:37.885 INFO [main] org.apache.catalina.startup.VersionLoggerListener.log Command line argument: -Djava.util.logging.config.file=/Users/pydiv/JAM/2023Aug/apache-tomcat-9.0.78/conf/logging.properties
13-Aug-2023 22:59:37.885 INFO [main] org.apache.catalina.startup.VersionLoggerListener.log Command line argument: -Djava.util.logging.manager=org.apache.juli.ClassLoaderLogManager
13-Aug-2023 22:59:37.885 INFO [main] org.apache.catalina.startup.VersionLoggerListener.log Command line argument: -Djdk.tls.ephemeralDHKeySize=2048
13-Aug-2023 22:59:37.885 INFO [main] org.apache.catalina.startup.VersionLoggerListener.log Command line argument: -Djava.protocol.handler.pkgs=org.apache.catalina.webresources
13-Aug-2023 22:59:37.885 INFO [main] org.apache.catalina.startup.VersionLoggerListener.log Command line argument: -Dorg.apache.catalina.security.SecurityListener.UMASK=0027
13-Aug-2023 22:59:37.885 INFO [main] org.apache.catalina.startup.VersionLoggerListener.log Command line argument: -Dcatalina.base=/Users/pydiv/JAM/2023Aug/apache-tomcat-9.0.78
13-Aug-2023 22:59:37.885 INFO [main] org.apache.catalina.startup.VersionLoggerListener.log Command line argument: -Dcatalina.home=/Users/pydiv/JAM/2023Aug/apache-tomcat-9.0.78
13-Aug-2023 22:59:37.885 INFO [main] org.apache.catalina.startup.VersionLoggerListener.log Command line argument: -Djava.io.tmpdir=/Users/pydiv/JAM/2023Aug/apache-tomcat-9.0.78/temp
13-Aug-2023 22:59:37.920 INFO [main] org.apache.catalina.core.AprLifecycleListener.lifecycleEvent The Apache Tomcat Native library which allows using OpenSSL was not found on the java.library.path: [/Users/pydiv/Library/Java/Extensions:/Library/Java/Extensions:/Network/Library/Java/Extensions:/System/Library/Java/Extensions:/usr/lib/java:.]
13-Aug-2023 22:59:38.210 INFO [main] org.apache.coyote.AbstractProtocol.init Initializing ProtocolHandler ["http-nio-8080"]
13-Aug-2023 22:59:38.250 INFO [main] org.apache.catalina.startup.Catalina.load Server initialization in [577] milliseconds
13-Aug-2023 22:59:38.298 INFO [main] org.apache.catalina.core.StandardService.startInternal Starting service [Catalina]
13-Aug-2023 22:59:38.298 INFO [main] org.apache.catalina.core.StandardEngine.startInternal Starting Servlet engine: [Apache Tomcat/9.0.78]
13-Aug-2023 22:59:38.308 INFO [main] org.apache.catalina.startup.HostConfig.deployDirectory Deploying web application directory [/Users/pydiv/JAM/2023Aug/apache-tomcat-9.0.78/webapps/docs]
13-Aug-2023 22:59:38.571 INFO [main] org.apache.catalina.startup.HostConfig.deployDirectory Deployment of web application directory [/Users/pydiv/JAM/2023Aug/apache-tomcat-9.0.78/webapps/docs] has finished in [262] ms
13-Aug-2023 22:59:38.571 INFO [main] org.apache.catalina.startup.HostConfig.deployDirectory Deploying web application directory [/Users/pydiv/JAM/2023Aug/apache-tomcat-9.0.78/webapps/manager]
13-Aug-2023 22:59:38.607 INFO [main] org.apache.catalina.startup.HostConfig.deployDirectory Deployment of web application directory [/Users/pydiv/JAM/2023Aug/apache-tomcat-9.0.78/webapps/manager] has finished in [36] ms
13-Aug-2023 22:59:38.607 INFO [main] org.apache.catalina.startup.HostConfig.deployDirectory Deploying web application directory [/Users/pydiv/JAM/2023Aug/apache-tomcat-9.0.78/webapps/examples]
13-Aug-2023 22:59:38.850 INFO [main] org.apache.catalina.startup.HostConfig.deployDirectory Deployment of web application directory [/Users/pydiv/JAM/2023Aug/apache-tomcat-9.0.78/webapps/examples] has finished in [243] ms
13-Aug-2023 22:59:38.850 INFO [main] org.apache.catalina.startup.HostConfig.deployDirectory Deploying web application directory [/Users/pydiv/JAM/2023Aug/apache-tomcat-9.0.78/webapps/ROOT]
13-Aug-2023 22:59:38.869 INFO [main] org.apache.catalina.startup.HostConfig.deployDirectory Deployment of web application directory [/Users/pydiv/JAM/2023Aug/apache-tomcat-9.0.78/webapps/ROOT] has finished in [19] ms
13-Aug-2023 22:59:38.869 INFO [main] org.apache.catalina.startup.HostConfig.deployDirectory Deploying web application directory [/Users/pydiv/JAM/2023Aug/apache-tomcat-9.0.78/webapps/host-manager]
13-Aug-2023 22:59:38.905 INFO [main] org.apache.catalina.startup.HostConfig.deployDirectory Deployment of web application directory [/Users/pydiv/JAM/2023Aug/apache-tomcat-9.0.78/webapps/host-manager] has finished in [36] ms
13-Aug-2023 22:59:38.908 INFO [main] org.apache.coyote.AbstractProtocol.start Starting ProtocolHandler ["http-nio-8080"]
13-Aug-2023 22:59:38.924 INFO [main] org.apache.catalina.startup.Catalina.start Server startup in [673] milliseconds
13-Aug-2023 23:00:18.803 INFO [main] org.apache.catalina.core.StandardServer.await A valid shutdown command was received via the shutdown port. Stopping the Server instance.
13-Aug-2023 23:00:18.804 INFO [main] org.apache.coyote.AbstractProtocol.pause Pausing ProtocolHandler ["http-nio-8080"]
13-Aug-2023 23:00:18.808 INFO [main] org.apache.catalina.core.StandardService.stopInternal Stopping service [Catalina]
13-Aug-2023 23:00:18.839 WARNING [main] org.apache.catalina.loader.WebappClassLoaderBase.clearReferencesObjectStreamClassCaches When running on Java 9 or later you need to add "--add-opens=java.base/java.io=ALL-UNNAMED" to the JVM command line arguments to enable ObjectStream cache memory leak protection. Alternatively, you can suppress this warning by disabling ObjectStream class cache memory leak protection.
13-Aug-2023 23:00:18.841 WARNING [main] org.apache.catalina.loader.WebappClassLoaderBase.checkThreadLocalsForLeaks When running on Java 9 or later you need to add "--add-opens=java.base/java.lang=ALL-UNNAMED" to the JVM command line arguments to enable ThreadLocal memory leak detection. Alternatively, you can suppress this warning by disabling ThreadLocal memory leak detection.
13-Aug-2023 23:00:18.842 WARNING [main] org.apache.catalina.loader.WebappClassLoaderBase.clearReferencesRmiTargets When running on Java 9 or later you need to add "--add-opens=java.rmi/sun.rmi.transport=ALL-UNNAMED" to the JVM command line arguments to enable RMI Target memory leak detection. Alternatively, you can suppress this warning by disabling RMI Target memory leak detection.
13-Aug-2023 23:00:18.849 WARNING [main] org.apache.catalina.loader.WebappClassLoaderBase.clearReferencesObjectStreamClassCaches When running on Java 9 or later you need to add "--add-opens=java.base/java.io=ALL-UNNAMED" to the JVM command line arguments to enable ObjectStream cache memory leak protection. Alternatively, you can suppress this warning by disabling ObjectStream class cache memory leak protection.
13-Aug-2023 23:00:18.849 WARNING [main] org.apache.catalina.loader.WebappClassLoaderBase.checkThreadLocalsForLeaks When running on Java 9 or later you need to add "--add-opens=java.base/java.lang=ALL-UNNAMED" to the JVM command line arguments to enable ThreadLocal memory leak detection. Alternatively, you can suppress this warning by disabling ThreadLocal memory leak detection.
13-Aug-2023 23:00:18.849 WARNING [main] org.apache.catalina.loader.WebappClassLoaderBase.clearReferencesRmiTargets When running on Java 9 or later you need to add "--add-opens=java.rmi/sun.rmi.transport=ALL-UNNAMED" to the JVM command line arguments to enable RMI Target memory leak detection. Alternatively, you can suppress this warning by disabling RMI Target memory leak detection.
13-Aug-2023 23:00:18.856 WARNING [main] org.apache.catalina.loader.WebappClassLoaderBase.clearReferencesObjectStreamClassCaches When running on Java 9 or later you need to add "--add-opens=java.base/java.io=ALL-UNNAMED" to the JVM command line arguments to enable ObjectStream cache memory leak protection. Alternatively, you can suppress this warning by disabling ObjectStream class cache memory leak protection.
13-Aug-2023 23:00:18.856 WARNING [main] org.apache.catalina.loader.WebappClassLoaderBase.checkThreadLocalsForLeaks When running on Java 9 or later you need to add "--add-opens=java.base/java.lang=ALL-UNNAMED" to the JVM command line arguments to enable ThreadLocal memory leak detection. Alternatively, you can suppress this warning by disabling ThreadLocal memory leak detection.
13-Aug-2023 23:00:18.857 WARNING [main] org.apache.catalina.loader.WebappClassLoaderBase.clearReferencesRmiTargets When running on Java 9 or later you need to add "--add-opens=java.rmi/sun.rmi.transport=ALL-UNNAMED" to the JVM command line arguments to enable RMI Target memory leak detection. Alternatively, you can suppress this warning by disabling RMI Target memory leak detection.
13-Aug-2023 23:00:18.881 WARNING [main] org.apache.catalina.loader.WebappClassLoaderBase.clearReferencesObjectStreamClassCaches When running on Java 9 or later you need to add "--add-opens=java.base/java.io=ALL-UNNAMED" to the JVM command line arguments to enable ObjectStream cache memory leak protection. Alternatively, you can suppress this warning by disabling ObjectStream class cache memory leak protection.
13-Aug-2023 23:00:18.881 WARNING [main] org.apache.catalina.loader.WebappClassLoaderBase.checkThreadLocalsForLeaks When running on Java 9 or later you need to add "--add-opens=java.base/java.lang=ALL-UNNAMED" to the JVM command line arguments to enable ThreadLocal memory leak detection. Alternatively, you can suppress this warning by disabling ThreadLocal memory leak detection.
13-Aug-2023 23:00:18.881 WARNING [main] org.apache.catalina.loader.WebappClassLoaderBase.clearReferencesRmiTargets When running on Java 9 or later you need to add "--add-opens=java.rmi/sun.rmi.transport=ALL-UNNAMED" to the JVM command line arguments to enable RMI Target memory leak detection. Alternatively, you can suppress this warning by disabling RMI Target memory leak detection.
13-Aug-2023 23:00:18.883 WARNING [main] org.apache.catalina.loader.WebappClassLoaderBase.clearReferencesObjectStreamClassCaches When running on Java 9 or later you need to add "--add-opens=java.base/java.io=ALL-UNNAMED" to the JVM command line arguments to enable ObjectStream cache memory leak protection. Alternatively, you can suppress this warning by disabling ObjectStream class cache memory leak protection.
13-Aug-2023 23:00:18.883 WARNING [main] org.apache.catalina.loader.WebappClassLoaderBase.checkThreadLocalsForLeaks When running on Java 9 or later you need to add "--add-opens=java.base/java.lang=ALL-UNNAMED" to the JVM command line arguments to enable ThreadLocal memory leak detection. Alternatively, you can suppress this warning by disabling ThreadLocal memory leak detection.
13-Aug-2023 23:00:18.884 WARNING [main] org.apache.catalina.loader.WebappClassLoaderBase.clearReferencesRmiTargets When running on Java 9 or later you need to add "--add-opens=java.rmi/sun.rmi.transport=ALL-UNNAMED" to the JVM command line arguments to enable RMI Target memory leak detection. Alternatively, you can suppress this warning by disabling RMI Target memory leak detection.
13-Aug-2023 23:00:18.884 INFO [main] org.apache.coyote.AbstractProtocol.stop Stopping ProtocolHandler ["http-nio-8080"]
13-Aug-2023 23:00:18.890 INFO [main] org.apache.coyote.AbstractProtocol.destroy Destroying ProtocolHandler ["http-nio-8080"]
13-Aug-2023 23:00:33.150 INFO [main] org.apache.catalina.startup.VersionLoggerListener.log Server version name:   Apache Tomcat/9.0.78
13-Aug-2023 23:00:33.154 INFO [main] org.apache.catalina.startup.VersionLoggerListener.log Server built:          Jul 4 2023 13:15:43 UTC
13-Aug-2023 23:00:33.154 INFO [main] org.apache.catalina.startup.VersionLoggerListener.log Server version number: 9.0.78.0
13-Aug-2023 23:00:33.154 INFO [main] org.apache.catalina.startup.VersionLoggerListener.log OS Name:               Mac OS X
13-Aug-2023 23:00:33.156 INFO [main] org.apache.catalina.startup.VersionLoggerListener.log OS Version:            13.5
13-Aug-2023 23:00:33.157 INFO [main] org.apache.catalina.startup.VersionLoggerListener.log Architecture:          x86_64
13-Aug-2023 23:00:33.158 INFO [main] org.apache.catalina.startup.VersionLoggerListener.log Java Home:             /Library/Java/JavaVirtualMachines/temurin-17.jdk/Contents/Home
13-Aug-2023 23:00:33.158 INFO [main] org.apache.catalina.startup.VersionLoggerListener.log JVM Version:           17.0.8+7
13-Aug-2023 23:00:33.160 INFO [main] org.apache.catalina.startup.VersionLoggerListener.log JVM Vendor:            Eclipse Adoptium
13-Aug-2023 23:00:33.160 INFO [main] org.apache.catalina.startup.VersionLoggerListener.log CATALINA_BASE:         /Users/pydiv/JAM/2023Aug/apache-tomcat-9.0.78
13-Aug-2023 23:00:33.161 INFO [main] org.apache.catalina.startup.VersionLoggerListener.log CATALINA_HOME:         /Users/pydiv/JAM/2023Aug/apache-tomcat-9.0.78
13-Aug-2023 23:00:33.171 INFO [main] org.apache.catalina.startup.VersionLoggerListener.log Command line argument: -Djava.util.logging.config.file=/Users/pydiv/JAM/2023Aug/apache-tomcat-9.0.78/conf/logging.properties
13-Aug-2023 23:00:33.171 INFO [main] org.apache.catalina.startup.VersionLoggerListener.log Command line argument: -Djava.util.logging.manager=org.apache.juli.ClassLoaderLogManager
13-Aug-2023 23:00:33.172 INFO [main] org.apache.catalina.startup.VersionLoggerListener.log Command line argument: -Djdk.tls.ephemeralDHKeySize=2048
13-Aug-2023 23:00:33.172 INFO [main] org.apache.catalina.startup.VersionLoggerListener.log Command line argument: -Djava.protocol.handler.pkgs=org.apache.catalina.webresources
13-Aug-2023 23:00:33.173 INFO [main] org.apache.catalina.startup.VersionLoggerListener.log Command line argument: -Dorg.apache.catalina.security.SecurityListener.UMASK=0027
13-Aug-2023 23:00:33.173 INFO [main] org.apache.catalina.startup.VersionLoggerListener.log Command line argument: -Dcatalina.base=/Users/pydiv/JAM/2023Aug/apache-tomcat-9.0.78
13-Aug-2023 23:00:33.174 INFO [main] org.apache.catalina.startup.VersionLoggerListener.log Command line argument: -Dcatalina.home=/Users/pydiv/JAM/2023Aug/apache-tomcat-9.0.78
13-Aug-2023 23:00:33.174 INFO [main] org.apache.catalina.startup.VersionLoggerListener.log Command line argument: -Djava.io.tmpdir=/Users/pydiv/JAM/2023Aug/apache-tomcat-9.0.78/temp
13-Aug-2023 23:00:33.204 INFO [main] org.apache.catalina.core.AprLifecycleListener.lifecycleEvent The Apache Tomcat Native library which allows using OpenSSL was not found on the java.library.path: [/Users/pydiv/Library/Java/Extensions:/Library/Java/Extensions:/Network/Library/Java/Extensions:/System/Library/Java/Extensions:/usr/lib/java:.]
13-Aug-2023 23:00:33.461 INFO [main] org.apache.coyote.AbstractProtocol.init Initializing ProtocolHandler ["http-nio-8080"]
13-Aug-2023 23:00:33.486 INFO [main] org.apache.catalina.startup.Catalina.load Server initialization in [572] milliseconds
13-Aug-2023 23:00:33.526 INFO [main] org.apache.catalina.core.StandardService.startInternal Starting service [Catalina]
13-Aug-2023 23:00:33.526 INFO [main] org.apache.catalina.core.StandardEngine.startInternal Starting Servlet engine: [Apache Tomcat/9.0.78]
13-Aug-2023 23:00:33.534 INFO [main] org.apache.catalina.startup.HostConfig.deployDirectory Deploying web application directory [/Users/pydiv/JAM/2023Aug/apache-tomcat-9.0.78/webapps/docs]
13-Aug-2023 23:00:33.773 INFO [main] org.apache.catalina.startup.HostConfig.deployDirectory Deployment of web application directory [/Users/pydiv/JAM/2023Aug/apache-tomcat-9.0.78/webapps/docs] has finished in [238] ms
13-Aug-2023 23:00:33.773 INFO [main] org.apache.catalina.startup.HostConfig.deployDirectory Deploying web application directory [/Users/pydiv/JAM/2023Aug/apache-tomcat-9.0.78/webapps/manager]
13-Aug-2023 23:00:33.906 INFO [main] org.apache.catalina.startup.HostConfig.deployDirectory Deployment of web application directory [/Users/pydiv/JAM/2023Aug/apache-tomcat-9.0.78/webapps/manager] has finished in [132] ms
13-Aug-2023 23:00:33.906 INFO [main] org.apache.catalina.startup.HostConfig.deployDirectory Deploying web application directory [/Users/pydiv/JAM/2023Aug/apache-tomcat-9.0.78/webapps/examples]
13-Aug-2023 23:00:34.191 INFO [main] org.apache.catalina.startup.HostConfig.deployDirectory Deployment of web application directory [/Users/pydiv/JAM/2023Aug/apache-tomcat-9.0.78/webapps/examples] has finished in [285] ms
13-Aug-2023 23:00:34.192 INFO [main] org.apache.catalina.startup.HostConfig.deployDirectory Deploying web application directory [/Users/pydiv/JAM/2023Aug/apache-tomcat-9.0.78/webapps/ROOT]
13-Aug-2023 23:00:34.214 INFO [main] org.apache.catalina.startup.HostConfig.deployDirectory Deployment of web application directory [/Users/pydiv/JAM/2023Aug/apache-tomcat-9.0.78/webapps/ROOT] has finished in [22] ms
13-Aug-2023 23:00:34.214 INFO [main] org.apache.catalina.startup.HostConfig.deployDirectory Deploying web application directory [/Users/pydiv/JAM/2023Aug/apache-tomcat-9.0.78/webapps/host-manager]
13-Aug-2023 23:00:34.251 INFO [main] org.apache.catalina.startup.HostConfig.deployDirectory Deployment of web application directory [/Users/pydiv/JAM/2023Aug/apache-tomcat-9.0.78/webapps/host-manager] has finished in [37] ms
13-Aug-2023 23:00:34.255 INFO [main] org.apache.coyote.AbstractProtocol.start Starting ProtocolHandler ["http-nio-8080"]
13-Aug-2023 23:00:34.270 INFO [main] org.apache.catalina.startup.Catalina.start Server startup in [783] milliseconds
13-Aug-2023 23:02:54.318 INFO [Catalina-utility-1] org.apache.catalina.startup.HostConfig.deployWAR Deploying web application archive [/Users/pydiv/JAM/2023Aug/apache-tomcat-9.0.78/webapps/pawsandwhiskers.war]
13-Aug-2023 23:02:54.398 INFO [Catalina-utility-1] org.apache.catalina.startup.HostConfig.deployWAR Deployment of web application archive [/Users/pydiv/JAM/2023Aug/apache-tomcat-9.0.78/webapps/pawsandwhiskers.war] has finished in [79] ms
13-Aug-2023 23:08:12.641 INFO [main] org.apache.catalina.core.StandardServer.await A valid shutdown command was received via the shutdown port. Stopping the Server instance.
13-Aug-2023 23:08:12.643 INFO [main] org.apache.coyote.AbstractProtocol.pause Pausing ProtocolHandler ["http-nio-8080"]
13-Aug-2023 23:08:12.650 INFO [main] org.apache.catalina.core.StandardService.stopInternal Stopping service [Catalina]
13-Aug-2023 23:08:12.672 WARNING [main] org.apache.catalina.loader.WebappClassLoaderBase.clearReferencesObjectStreamClassCaches When running on Java 9 or later you need to add "--add-opens=java.base/java.io=ALL-UNNAMED" to the JVM command line arguments to enable ObjectStream cache memory leak protection. Alternatively, you can suppress this warning by disabling ObjectStream class cache memory leak protection.
13-Aug-2023 23:08:12.673 WARNING [main] org.apache.catalina.loader.WebappClassLoaderBase.checkThreadLocalsForLeaks When running on Java 9 or later you need to add "--add-opens=java.base/java.lang=ALL-UNNAMED" to the JVM command line arguments to enable ThreadLocal memory leak detection. Alternatively, you can suppress this warning by disabling ThreadLocal memory leak detection.
13-Aug-2023 23:08:12.676 WARNING [main] org.apache.catalina.loader.WebappClassLoaderBase.clearReferencesRmiTargets When running on Java 9 or later you need to add "--add-opens=java.rmi/sun.rmi.transport=ALL-UNNAMED" to the JVM command line arguments to enable RMI Target memory leak detection. Alternatively, you can suppress this warning by disabling RMI Target memory leak detection.
13-Aug-2023 23:08:12.681 WARNING [main] org.apache.catalina.loader.WebappClassLoaderBase.clearReferencesObjectStreamClassCaches When running on Java 9 or later you need to add "--add-opens=java.base/java.io=ALL-UNNAMED" to the JVM command line arguments to enable ObjectStream cache memory leak protection. Alternatively, you can suppress this warning by disabling ObjectStream class cache memory leak protection.
13-Aug-2023 23:08:12.681 WARNING [main] org.apache.catalina.loader.WebappClassLoaderBase.checkThreadLocalsForLeaks When running on Java 9 or later you need to add "--add-opens=java.base/java.lang=ALL-UNNAMED" to the JVM command line arguments to enable ThreadLocal memory leak detection. Alternatively, you can suppress this warning by disabling ThreadLocal memory leak detection.
13-Aug-2023 23:08:12.681 WARNING [main] org.apache.catalina.loader.WebappClassLoaderBase.clearReferencesRmiTargets When running on Java 9 or later you need to add "--add-opens=java.rmi/sun.rmi.transport=ALL-UNNAMED" to the JVM command line arguments to enable RMI Target memory leak detection. Alternatively, you can suppress this warning by disabling RMI Target memory leak detection.
13-Aug-2023 23:08:12.687 WARNING [main] org.apache.catalina.loader.WebappClassLoaderBase.clearReferencesObjectStreamClassCaches When running on Java 9 or later you need to add "--add-opens=java.base/java.io=ALL-UNNAMED" to the JVM command line arguments to enable ObjectStream cache memory leak protection. Alternatively, you can suppress this warning by disabling ObjectStream class cache memory leak protection.
13-Aug-2023 23:08:12.688 WARNING [main] org.apache.catalina.loader.WebappClassLoaderBase.checkThreadLocalsForLeaks When running on Java 9 or later you need to add "--add-opens=java.base/java.lang=ALL-UNNAMED" to the JVM command line arguments to enable ThreadLocal memory leak detection. Alternatively, you can suppress this warning by disabling ThreadLocal memory leak detection.
13-Aug-2023 23:08:12.688 WARNING [main] org.apache.catalina.loader.WebappClassLoaderBase.clearReferencesRmiTargets When running on Java 9 or later you need to add "--add-opens=java.rmi/sun.rmi.transport=ALL-UNNAMED" to the JVM command line arguments to enable RMI Target memory leak detection. Alternatively, you can suppress this warning by disabling RMI Target memory leak detection.
13-Aug-2023 23:08:12.701 WARNING [main] org.apache.catalina.loader.WebappClassLoaderBase.clearReferencesObjectStreamClassCaches When running on Java 9 or later you need to add "--add-opens=java.base/java.io=ALL-UNNAMED" to the JVM command line arguments to enable ObjectStream cache memory leak protection. Alternatively, you can suppress this warning by disabling ObjectStream class cache memory leak protection.
13-Aug-2023 23:08:12.701 WARNING [main] org.apache.catalina.loader.WebappClassLoaderBase.checkThreadLocalsForLeaks When running on Java 9 or later you need to add "--add-opens=java.base/java.lang=ALL-UNNAMED" to the JVM command line arguments to enable ThreadLocal memory leak detection. Alternatively, you can suppress this warning by disabling ThreadLocal memory leak detection.
13-Aug-2023 23:08:12.701 WARNING [main] org.apache.catalina.loader.WebappClassLoaderBase.clearReferencesRmiTargets When running on Java 9 or later you need to add "--add-opens=java.rmi/sun.rmi.transport=ALL-UNNAMED" to the JVM command line arguments to enable RMI Target memory leak detection. Alternatively, you can suppress this warning by disabling RMI Target memory leak detection.
13-Aug-2023 23:08:12.703 WARNING [main] org.apache.catalina.loader.WebappClassLoaderBase.clearReferencesObjectStreamClassCaches When running on Java 9 or later you need to add "--add-opens=java.base/java.io=ALL-UNNAMED" to the JVM command line arguments to enable ObjectStream cache memory leak protection. Alternatively, you can suppress this warning by disabling ObjectStream class cache memory leak protection.
13-Aug-2023 23:08:12.704 WARNING [main] org.apache.catalina.loader.WebappClassLoaderBase.checkThreadLocalsForLeaks When running on Java 9 or later you need to add "--add-opens=java.base/java.lang=ALL-UNNAMED" to the JVM command line arguments to enable ThreadLocal memory leak detection. Alternatively, you can suppress this warning by disabling ThreadLocal memory leak detection.
13-Aug-2023 23:08:12.704 WARNING [main] org.apache.catalina.loader.WebappClassLoaderBase.clearReferencesRmiTargets When running on Java 9 or later you need to add "--add-opens=java.rmi/sun.rmi.transport=ALL-UNNAMED" to the JVM command line arguments to enable RMI Target memory leak detection. Alternatively, you can suppress this warning by disabling RMI Target memory leak detection.
13-Aug-2023 23:08:12.707 WARNING [main] org.apache.catalina.loader.WebappClassLoaderBase.clearReferencesObjectStreamClassCaches When running on Java 9 or later you need to add "--add-opens=java.base/java.io=ALL-UNNAMED" to the JVM command line arguments to enable ObjectStream cache memory leak protection. Alternatively, you can suppress this warning by disabling ObjectStream class cache memory leak protection.
13-Aug-2023 23:08:12.713 WARNING [main] org.apache.catalina.loader.WebappClassLoaderBase.checkThreadLocalsForLeaks When running on Java 9 or later you need to add "--add-opens=java.base/java.lang=ALL-UNNAMED" to the JVM command line arguments to enable ThreadLocal memory leak detection. Alternatively, you can suppress this warning by disabling ThreadLocal memory leak detection.
13-Aug-2023 23:08:12.713 WARNING [main] org.apache.catalina.loader.WebappClassLoaderBase.clearReferencesRmiTargets When running on Java 9 or later you need to add "--add-opens=java.rmi/sun.rmi.transport=ALL-UNNAMED" to the JVM command line arguments to enable RMI Target memory leak detection. Alternatively, you can suppress this warning by disabling RMI Target memory leak detection.
13-Aug-2023 23:08:12.714 INFO [main] org.apache.coyote.AbstractProtocol.stop Stopping ProtocolHandler ["http-nio-8080"]
13-Aug-2023 23:08:12.730 INFO [main] org.apache.coyote.AbstractProtocol.destroy Destroying ProtocolHandler ["http-nio-8080"]
