13-Aug-2023 19:53:57.504 INFO [main] org.apache.catalina.core.ApplicationContext.log ContextListener: contextInitialized()
13-Aug-2023 19:53:57.505 INFO [main] org.apache.catalina.core.ApplicationContext.log SessionListener: contextInitialized()
13-Aug-2023 19:53:57.506 INFO [main] org.apache.catalina.core.ApplicationContext.log ContextListener: attributeAdded('StockTicker', 'async.Stockticker@68d6972f')
13-Aug-2023 19:57:35.848 INFO [main] org.apache.catalina.core.ApplicationContext.log SessionListener: contextDestroyed()
13-Aug-2023 19:57:35.848 INFO [main] org.apache.catalina.core.ApplicationContext.log ContextListener: contextDestroyed()
13-Aug-2023 19:57:41.615 INFO [main] org.apache.catalina.core.ApplicationContext.log ContextListener: contextInitialized()
13-Aug-2023 19:57:41.615 INFO [main] org.apache.catalina.core.ApplicationContext.log SessionListener: contextInitialized()
13-Aug-2023 19:57:41.617 INFO [main] org.apache.catalina.core.ApplicationContext.log ContextListener: attributeAdded('StockTicker', 'async.Stockticker@274872f8')
13-Aug-2023 22:37:25.576 INFO [main] org.apache.catalina.core.ApplicationContext.log ContextListener: contextInitialized()
13-Aug-2023 22:37:25.576 INFO [main] org.apache.catalina.core.ApplicationContext.log SessionListener: contextInitialized()
13-Aug-2023 22:37:25.577 INFO [main] org.apache.catalina.core.ApplicationContext.log ContextListener: attributeAdded('StockTicker', 'async.Stockticker@40258c2f')
13-Aug-2023 22:37:25.691 INFO [main] org.apache.catalina.core.ApplicationContext.log SessionListener: contextDestroyed()
13-Aug-2023 22:37:25.691 INFO [main] org.apache.catalina.core.ApplicationContext.log ContextListener: contextDestroyed()
13-Aug-2023 22:58:43.782 INFO [main] org.apache.catalina.core.ApplicationContext.log SessionListener: contextDestroyed()
13-Aug-2023 22:58:43.783 INFO [main] org.apache.catalina.core.ApplicationContext.log ContextListener: contextDestroyed()
13-Aug-2023 22:59:38.844 INFO [main] org.apache.catalina.core.ApplicationContext.log ContextListener: contextInitialized()
13-Aug-2023 22:59:38.844 INFO [main] org.apache.catalina.core.ApplicationContext.log SessionListener: contextInitialized()
13-Aug-2023 22:59:38.845 INFO [main] org.apache.catalina.core.ApplicationContext.log ContextListener: attributeAdded('StockTicker', 'async.Stockticker@3276732')
13-Aug-2023 23:00:18.846 INFO [main] org.apache.catalina.core.ApplicationContext.log SessionListener: contextDestroyed()
13-Aug-2023 23:00:18.846 INFO [main] org.apache.catalina.core.ApplicationContext.log ContextListener: contextDestroyed()
13-Aug-2023 23:00:34.184 INFO [main] org.apache.catalina.core.ApplicationContext.log ContextListener: contextInitialized()
13-Aug-2023 23:00:34.184 INFO [main] org.apache.catalina.core.ApplicationContext.log SessionListener: contextInitialized()
13-Aug-2023 23:00:34.185 INFO [main] org.apache.catalina.core.ApplicationContext.log ContextListener: attributeAdded('StockTicker', 'async.Stockticker@4648ce9')
13-Aug-2023 23:08:12.679 INFO [main] org.apache.catalina.core.ApplicationContext.log SessionListener: contextDestroyed()
13-Aug-2023 23:08:12.679 INFO [main] org.apache.catalina.core.ApplicationContext.log ContextListener: contextDestroyed()
