28-Aug-2023 14:36:08.417 INFO [main] org.apache.catalina.core.ApplicationContext.log ContextListener: contextInitialized()
28-Aug-2023 14:36:08.418 INFO [main] org.apache.catalina.core.ApplicationContext.log SessionListener: contextInitialized()
28-Aug-2023 14:36:08.419 INFO [main] org.apache.catalina.core.ApplicationContext.log ContextListener: attributeAdded('StockTicker', 'async.Stockticker@724aefc3')
28-Aug-2023 14:36:54.543 INFO [main] org.apache.catalina.core.ApplicationContext.log SessionListener: contextDestroyed()
28-Aug-2023 14:36:54.543 INFO [main] org.apache.catalina.core.ApplicationContext.log ContextListener: contextDestroyed()
28-Aug-2023 14:38:07.963 INFO [main] org.apache.catalina.core.ApplicationContext.log ContextListener: contextInitialized()
28-Aug-2023 14:38:07.963 INFO [main] org.apache.catalina.core.ApplicationContext.log SessionListener: contextInitialized()
28-Aug-2023 14:38:07.964 INFO [main] org.apache.catalina.core.ApplicationContext.log ContextListener: attributeAdded('StockTicker', 'async.Stockticker@16a5eb6d')
28-Aug-2023 14:38:38.318 INFO [main] org.apache.catalina.core.ApplicationContext.log SessionListener: contextDestroyed()
28-Aug-2023 14:38:38.318 INFO [main] org.apache.catalina.core.ApplicationContext.log ContextListener: contextDestroyed()
28-Aug-2023 15:25:23.497 INFO [main] org.apache.catalina.core.ApplicationContext.log ContextListener: contextInitialized()
28-Aug-2023 15:25:23.497 INFO [main] org.apache.catalina.core.ApplicationContext.log SessionListener: contextInitialized()
28-Aug-2023 15:25:23.499 INFO [main] org.apache.catalina.core.ApplicationContext.log ContextListener: attributeAdded('StockTicker', 'async.Stockticker@5e8507f1')
28-Aug-2023 23:06:06.837 INFO [main] org.apache.catalina.core.ApplicationContext.log SessionListener: contextDestroyed()
28-Aug-2023 23:06:06.837 INFO [main] org.apache.catalina.core.ApplicationContext.log ContextListener: contextDestroyed()
28-Aug-2023 23:08:31.511 INFO [main] org.apache.catalina.core.ApplicationContext.log ContextListener: contextInitialized()
28-Aug-2023 23:08:31.512 INFO [main] org.apache.catalina.core.ApplicationContext.log SessionListener: contextInitialized()
28-Aug-2023 23:08:31.513 INFO [main] org.apache.catalina.core.ApplicationContext.log ContextListener: attributeAdded('StockTicker', 'async.Stockticker@3e2943ab')
28-Aug-2023 23:12:10.538 INFO [main] org.apache.catalina.core.ApplicationContext.log SessionListener: contextDestroyed()
28-Aug-2023 23:12:10.538 INFO [main] org.apache.catalina.core.ApplicationContext.log ContextListener: contextDestroyed()
28-Aug-2023 23:12:15.575 INFO [main] org.apache.catalina.core.ApplicationContext.log ContextListener: contextInitialized()
28-Aug-2023 23:12:15.575 INFO [main] org.apache.catalina.core.ApplicationContext.log SessionListener: contextInitialized()
28-Aug-2023 23:12:15.580 INFO [main] org.apache.catalina.core.ApplicationContext.log ContextListener: attributeAdded('StockTicker', 'async.Stockticker@30839e44')
28-Aug-2023 23:13:26.000 INFO [main] org.apache.catalina.core.ApplicationContext.log SessionListener: contextDestroyed()
28-Aug-2023 23:13:26.000 INFO [main] org.apache.catalina.core.ApplicationContext.log ContextListener: contextDestroyed()
28-Aug-2023 23:13:31.216 INFO [main] org.apache.catalina.core.ApplicationContext.log ContextListener: contextInitialized()
28-Aug-2023 23:13:31.216 INFO [main] org.apache.catalina.core.ApplicationContext.log SessionListener: contextInitialized()
28-Aug-2023 23:13:31.217 INFO [main] org.apache.catalina.core.ApplicationContext.log ContextListener: attributeAdded('StockTicker', 'async.Stockticker@3003e580')
28-Aug-2023 23:14:10.281 INFO [main] org.apache.catalina.core.ApplicationContext.log SessionListener: contextDestroyed()
28-Aug-2023 23:14:10.281 INFO [main] org.apache.catalina.core.ApplicationContext.log ContextListener: contextDestroyed()
28-Aug-2023 23:14:16.629 INFO [main] org.apache.catalina.core.ApplicationContext.log ContextListener: contextInitialized()
28-Aug-2023 23:14:16.629 INFO [main] org.apache.catalina.core.ApplicationContext.log SessionListener: contextInitialized()
28-Aug-2023 23:14:16.630 INFO [main] org.apache.catalina.core.ApplicationContext.log ContextListener: attributeAdded('StockTicker', 'async.Stockticker@30839e44')
28-Aug-2023 23:15:19.806 INFO [main] org.apache.catalina.core.ApplicationContext.log SessionListener: contextDestroyed()
28-Aug-2023 23:15:19.806 INFO [main] org.apache.catalina.core.ApplicationContext.log ContextListener: contextDestroyed()
28-Aug-2023 23:15:25.473 INFO [main] org.apache.catalina.core.ApplicationContext.log ContextListener: contextInitialized()
28-Aug-2023 23:15:25.473 INFO [main] org.apache.catalina.core.ApplicationContext.log SessionListener: contextInitialized()
28-Aug-2023 23:15:25.474 INFO [main] org.apache.catalina.core.ApplicationContext.log ContextListener: attributeAdded('StockTicker', 'async.Stockticker@30839e44')
28-Aug-2023 23:23:41.558 INFO [main] org.apache.catalina.core.ApplicationContext.log SessionListener: contextDestroyed()
28-Aug-2023 23:23:41.558 INFO [main] org.apache.catalina.core.ApplicationContext.log ContextListener: contextDestroyed()
28-Aug-2023 23:23:51.038 INFO [main] org.apache.catalina.core.ApplicationContext.log ContextListener: contextInitialized()
28-Aug-2023 23:23:51.038 INFO [main] org.apache.catalina.core.ApplicationContext.log SessionListener: contextInitialized()
28-Aug-2023 23:23:51.039 INFO [main] org.apache.catalina.core.ApplicationContext.log ContextListener: attributeAdded('StockTicker', 'async.Stockticker@25d0cb3a')
28-Aug-2023 23:24:46.393 INFO [main] org.apache.catalina.core.ApplicationContext.log SessionListener: contextDestroyed()
28-Aug-2023 23:24:46.393 INFO [main] org.apache.catalina.core.ApplicationContext.log ContextListener: contextDestroyed()
