23-Aug-2023 16:13:10.133 INFO [main] org.apache.catalina.core.ApplicationContext.log ContextListener: contextInitialized()
23-Aug-2023 16:13:10.133 INFO [main] org.apache.catalina.core.ApplicationContext.log SessionListener: contextInitialized()
23-Aug-2023 16:13:10.134 INFO [main] org.apache.catalina.core.ApplicationContext.log ContextListener: attributeAdded('StockTicker', 'async.Stockticker@dd2856e')
23-Aug-2023 22:56:54.707 INFO [main] org.apache.catalina.core.ApplicationContext.log SessionListener: contextDestroyed()
23-Aug-2023 22:56:54.707 INFO [main] org.apache.catalina.core.ApplicationContext.log ContextListener: contextDestroyed()
23-Aug-2023 23:08:57.969 INFO [main] org.apache.catalina.core.ApplicationContext.log ContextListener: contextInitialized()
23-Aug-2023 23:08:57.969 INFO [main] org.apache.catalina.core.ApplicationContext.log SessionListener: contextInitialized()
23-Aug-2023 23:08:57.971 INFO [main] org.apache.catalina.core.ApplicationContext.log ContextListener: attributeAdded('StockTicker', 'async.Stockticker@5f631ca0')
23-Aug-2023 23:10:59.216 INFO [main] org.apache.catalina.core.ApplicationContext.log SessionListener: contextDestroyed()
23-Aug-2023 23:10:59.216 INFO [main] org.apache.catalina.core.ApplicationContext.log ContextListener: contextDestroyed()
23-Aug-2023 23:11:06.270 INFO [main] org.apache.catalina.core.ApplicationContext.log ContextListener: contextInitialized()
23-Aug-2023 23:11:06.270 INFO [main] org.apache.catalina.core.ApplicationContext.log SessionListener: contextInitialized()
23-Aug-2023 23:11:06.271 INFO [main] org.apache.catalina.core.ApplicationContext.log ContextListener: attributeAdded('StockTicker', 'async.Stockticker@52500920')
23-Aug-2023 23:16:18.063 INFO [main] org.apache.catalina.core.ApplicationContext.log SessionListener: contextDestroyed()
23-Aug-2023 23:16:18.064 INFO [main] org.apache.catalina.core.ApplicationContext.log ContextListener: contextDestroyed()
23-Aug-2023 23:16:30.065 INFO [main] org.apache.catalina.core.ApplicationContext.log ContextListener: contextInitialized()
23-Aug-2023 23:16:30.065 INFO [main] org.apache.catalina.core.ApplicationContext.log SessionListener: contextInitialized()
23-Aug-2023 23:16:30.066 INFO [main] org.apache.catalina.core.ApplicationContext.log ContextListener: attributeAdded('StockTicker', 'async.Stockticker@4602c2a9')
23-Aug-2023 23:19:01.905 INFO [main] org.apache.catalina.core.ApplicationContext.log SessionListener: contextDestroyed()
23-Aug-2023 23:19:01.905 INFO [main] org.apache.catalina.core.ApplicationContext.log ContextListener: contextDestroyed()
23-Aug-2023 23:19:17.441 INFO [main] org.apache.catalina.core.ApplicationContext.log ContextListener: contextInitialized()
23-Aug-2023 23:19:17.441 INFO [main] org.apache.catalina.core.ApplicationContext.log SessionListener: contextInitialized()
23-Aug-2023 23:19:17.442 INFO [main] org.apache.catalina.core.ApplicationContext.log ContextListener: attributeAdded('StockTicker', 'async.Stockticker@2a65bb85')
23-Aug-2023 23:19:41.926 INFO [main] org.apache.catalina.core.ApplicationContext.log SessionListener: contextDestroyed()
23-Aug-2023 23:19:41.926 INFO [main] org.apache.catalina.core.ApplicationContext.log ContextListener: contextDestroyed()
