16-Aug-2023 15:52:05.986 INFO [main] org.apache.catalina.core.ApplicationContext.log SessionListener: contextDestroyed()
16-Aug-2023 15:52:05.987 INFO [main] org.apache.catalina.core.ApplicationContext.log ContextListener: contextDestroyed()
16-Aug-2023 15:57:06.415 INFO [main] org.apache.catalina.core.ApplicationContext.log ContextListener: contextInitialized()
16-Aug-2023 15:57:06.416 INFO [main] org.apache.catalina.core.ApplicationContext.log SessionListener: contextInitialized()
16-Aug-2023 15:57:06.417 INFO [main] org.apache.catalina.core.ApplicationContext.log ContextListener: attributeAdded('StockTicker', 'async.Stockticker@330c1f61')
16-Aug-2023 15:58:06.869 INFO [main] org.apache.catalina.core.ApplicationContext.log SessionListener: contextDestroyed()
16-Aug-2023 15:58:06.869 INFO [main] org.apache.catalina.core.ApplicationContext.log ContextListener: contextDestroyed()
16-Aug-2023 16:00:26.883 INFO [main] org.apache.catalina.core.ApplicationContext.log ContextListener: contextInitialized()
16-Aug-2023 16:00:26.883 INFO [main] org.apache.catalina.core.ApplicationContext.log SessionListener: contextInitialized()
16-Aug-2023 16:00:26.884 INFO [main] org.apache.catalina.core.ApplicationContext.log ContextListener: attributeAdded('StockTicker', 'async.Stockticker@2ab26378')
16-Aug-2023 16:01:30.210 INFO [main] org.apache.catalina.core.ApplicationContext.log SessionListener: contextDestroyed()
16-Aug-2023 16:01:30.210 INFO [main] org.apache.catalina.core.ApplicationContext.log ContextListener: contextDestroyed()
16-Aug-2023 16:01:48.490 INFO [main] org.apache.catalina.core.ApplicationContext.log ContextListener: contextInitialized()
16-Aug-2023 16:01:48.490 INFO [main] org.apache.catalina.core.ApplicationContext.log SessionListener: contextInitialized()
16-Aug-2023 16:01:48.491 INFO [main] org.apache.catalina.core.ApplicationContext.log ContextListener: attributeAdded('StockTicker', 'async.Stockticker@107bfcb2')
16-Aug-2023 16:04:30.534 INFO [main] org.apache.catalina.core.ApplicationContext.log SessionListener: contextDestroyed()
16-Aug-2023 16:04:30.534 INFO [main] org.apache.catalina.core.ApplicationContext.log ContextListener: contextDestroyed()
16-Aug-2023 16:04:32.292 INFO [main] org.apache.catalina.core.ApplicationContext.log ContextListener: contextInitialized()
16-Aug-2023 16:04:32.293 INFO [main] org.apache.catalina.core.ApplicationContext.log SessionListener: contextInitialized()
16-Aug-2023 16:04:32.294 INFO [main] org.apache.catalina.core.ApplicationContext.log ContextListener: attributeAdded('StockTicker', 'async.Stockticker@32e652b6')
16-Aug-2023 16:20:47.151 INFO [http-nio-8080-exec-30] org.apache.catalina.core.ApplicationContext.log Marking servlet [ImageDisplayServlet] as unavailable
16-Aug-2023 16:20:47.151 SEVERE [http-nio-8080-exec-30] org.apache.catalina.core.StandardWrapperValve.invoke Allocate exception for servlet [ImageDisplayServlet]
	java.lang.ClassNotFoundException: servlets.ImageDisplayServlet
		at org.apache.catalina.loader.WebappClassLoaderBase.loadClass(WebappClassLoaderBase.java:1412)
		at org.apache.catalina.loader.WebappClassLoaderBase.loadClass(WebappClassLoaderBase.java:1220)
		at org.apache.catalina.core.DefaultInstanceManager.loadClass(DefaultInstanceManager.java:488)
		at org.apache.catalina.core.DefaultInstanceManager.loadClassMaybePrivileged(DefaultInstanceManager.java:470)
		at org.apache.catalina.core.DefaultInstanceManager.newInstance(DefaultInstanceManager.java:142)
		at org.apache.catalina.core.StandardWrapper.loadServlet(StandardWrapper.java:1020)
		at org.apache.catalina.core.StandardWrapper.allocate(StandardWrapper.java:747)
		at org.apache.catalina.core.StandardWrapperValve.invoke(StandardWrapperValve.java:115)
		at org.apache.catalina.core.StandardContextValve.invoke(StandardContextValve.java:90)
		at org.apache.catalina.authenticator.AuthenticatorBase.invoke(AuthenticatorBase.java:481)
		at org.apache.catalina.core.StandardHostValve.invoke(StandardHostValve.java:130)
		at org.apache.catalina.valves.ErrorReportValve.invoke(ErrorReportValve.java:93)
		at org.apache.catalina.valves.AbstractAccessLogValve.invoke(AbstractAccessLogValve.java:673)
		at org.apache.catalina.core.StandardEngineValve.invoke(StandardEngineValve.java:74)
		at org.apache.catalina.connector.CoyoteAdapter.service(CoyoteAdapter.java:343)
		at org.apache.coyote.http11.Http11Processor.service(Http11Processor.java:390)
		at org.apache.coyote.AbstractProcessorLight.process(AbstractProcessorLight.java:63)
		at org.apache.coyote.AbstractProtocol$ConnectionHandler.process(AbstractProtocol.java:926)
		at org.apache.tomcat.util.net.NioEndpoint$SocketProcessor.doRun(NioEndpoint.java:1791)
		at org.apache.tomcat.util.net.SocketProcessorBase.run(SocketProcessorBase.java:52)
		at org.apache.tomcat.util.threads.ThreadPoolExecutor.runWorker(ThreadPoolExecutor.java:1191)
		at org.apache.tomcat.util.threads.ThreadPoolExecutor$Worker.run(ThreadPoolExecutor.java:659)
		at org.apache.tomcat.util.threads.TaskThread$WrappingRunnable.run(TaskThread.java:61)
		at java.base/java.lang.Thread.run(Thread.java:833)
